2016-12-18 22:59:35.558+0000 WARN  [o.n.k.i.JvmChecker]: You are using an unsupported version of the Java runtime. Please use Oracle(R) Java(TM) Runtime Environment 7 or OpenJDK(TM) 7.
2016-12-18 22:59:35.608+0000 INFO  [o.n.s.CommunityNeoServer]: Setting startup timeout to: 120000ms based on 120000
2016-12-18 22:59:35.708+0000 WARN  [o.n.k.EmbeddedGraphDatabase]: You are using an unsupported version of the Java runtime. Please use Oracle(R) Java(TM) Runtime Environment 7 or OpenJDK(TM) 7.
2016-12-18 22:59:35.873+0000 INFO  [o.n.k.InternalAbstractGraphDatabase]: No locking implementation specified, defaulting to 'community'
2016-12-18 22:59:35.932+0000 INFO  [o.n.k.i.DiagnosticsManager]: --- INITIALIZED diagnostics START ---
2016-12-18 22:59:35.933+0000 INFO  [o.n.k.i.DiagnosticsManager]: Neo4j Kernel properties:
2016-12-18 22:59:35.935+0000 INFO  [o.n.k.i.DiagnosticsManager]: remote_shell_enabled=true
2016-12-18 22:59:35.935+0000 INFO  [o.n.k.i.DiagnosticsManager]: store_dir=/Users/coraline/Documents/projects/ast_visualizer/db/neo4j/development/data/graph.db
2016-12-18 22:59:35.936+0000 INFO  [o.n.k.i.DiagnosticsManager]: Diagnostics providers:
2016-12-18 22:59:35.936+0000 INFO  [o.n.k.i.DiagnosticsManager]: org.neo4j.kernel.configuration.Config
2016-12-18 22:59:35.936+0000 INFO  [o.n.k.i.DiagnosticsManager]: org.neo4j.kernel.info.DiagnosticsManager
2016-12-18 22:59:35.936+0000 INFO  [o.n.k.i.DiagnosticsManager]: SYSTEM_MEMORY
2016-12-18 22:59:35.936+0000 INFO  [o.n.k.i.DiagnosticsManager]: JAVA_MEMORY
2016-12-18 22:59:35.936+0000 INFO  [o.n.k.i.DiagnosticsManager]: OPERATING_SYSTEM
2016-12-18 22:59:35.936+0000 INFO  [o.n.k.i.DiagnosticsManager]: JAVA_VIRTUAL_MACHINE
2016-12-18 22:59:35.936+0000 INFO  [o.n.k.i.DiagnosticsManager]: CLASSPATH
2016-12-18 22:59:35.936+0000 INFO  [o.n.k.i.DiagnosticsManager]: LIBRARY_PATH
2016-12-18 22:59:35.936+0000 INFO  [o.n.k.i.DiagnosticsManager]: SYSTEM_PROPERTIES
2016-12-18 22:59:35.936+0000 INFO  [o.n.k.i.DiagnosticsManager]: NETWORK
2016-12-18 22:59:35.937+0000 INFO  [o.n.k.i.DiagnosticsManager]: System memory information:
2016-12-18 22:59:35.938+0000 INFO  [o.n.k.i.DiagnosticsManager]: Total Physical memory: 16.00 GB
2016-12-18 22:59:35.939+0000 INFO  [o.n.k.i.DiagnosticsManager]: Free Physical memory: 2.50 GB
2016-12-18 22:59:35.939+0000 INFO  [o.n.k.i.DiagnosticsManager]: Committed virtual memory: 7.84 GB
2016-12-18 22:59:35.940+0000 INFO  [o.n.k.i.DiagnosticsManager]: Total swap space: 0.00 B
2016-12-18 22:59:35.940+0000 INFO  [o.n.k.i.DiagnosticsManager]: Free swap space: 0.00 B
2016-12-18 22:59:35.940+0000 INFO  [o.n.k.i.DiagnosticsManager]: JVM memory information:
2016-12-18 22:59:35.940+0000 INFO  [o.n.k.i.DiagnosticsManager]: Free  memory: 147.72 MB
2016-12-18 22:59:35.941+0000 INFO  [o.n.k.i.DiagnosticsManager]: Total memory: 247.50 MB
2016-12-18 22:59:35.941+0000 INFO  [o.n.k.i.DiagnosticsManager]: Max   memory: 3.94 GB
2016-12-18 22:59:35.945+0000 INFO  [o.n.k.i.DiagnosticsManager]: Garbage Collector: ParNew: [Par Eden Space, Par Survivor Space]
2016-12-18 22:59:35.945+0000 INFO  [o.n.k.i.DiagnosticsManager]: Garbage Collector: ConcurrentMarkSweep: [Par Eden Space, Par Survivor Space, CMS Old Gen]
2016-12-18 22:59:35.946+0000 INFO  [o.n.k.i.DiagnosticsManager]: Memory Pool: Code Cache (Non-heap memory): committed=3.25 MB, used=3.23 MB, max=240.00 MB, threshold=0.00 B
2016-12-18 22:59:35.946+0000 INFO  [o.n.k.i.DiagnosticsManager]: Memory Pool: Metaspace (Non-heap memory): committed=13.13 MB, used=12.62 MB, max=-1.00 B, threshold=0.00 B
2016-12-18 22:59:35.947+0000 INFO  [o.n.k.i.DiagnosticsManager]: Memory Pool: Compressed Class Space (Non-heap memory): committed=1.88 MB, used=1.67 MB, max=1.00 GB, threshold=0.00 B
2016-12-18 22:59:35.947+0000 INFO  [o.n.k.i.DiagnosticsManager]: Memory Pool: Par Eden Space (Heap memory): committed=68.31 MB, used=64.95 MB, max=532.56 MB, threshold=?
2016-12-18 22:59:35.947+0000 INFO  [o.n.k.i.DiagnosticsManager]: Memory Pool: Par Survivor Space (Heap memory): committed=8.50 MB, used=8.50 MB, max=66.50 MB, threshold=?
2016-12-18 22:59:35.948+0000 INFO  [o.n.k.i.DiagnosticsManager]: Memory Pool: CMS Old Gen (Heap memory): committed=170.69 MB, used=26.33 MB, max=3.35 GB, threshold=0.00 B
2016-12-18 22:59:35.948+0000 INFO  [o.n.k.i.DiagnosticsManager]: Operating system information:
2016-12-18 22:59:35.948+0000 INFO  [o.n.k.i.DiagnosticsManager]: Operating System: Mac OS X; version: 10.12.2; arch: x86_64; cpus: 8
2016-12-18 22:59:35.950+0000 INFO  [o.n.k.i.DiagnosticsManager]: Max number of file descriptors: 10240
2016-12-18 22:59:35.951+0000 INFO  [o.n.k.i.DiagnosticsManager]: Number of open file descriptors: 79
2016-12-18 22:59:35.951+0000 INFO  [o.n.k.i.DiagnosticsManager]: Process id: 1567@antigone.local
2016-12-18 22:59:35.951+0000 INFO  [o.n.k.i.DiagnosticsManager]: Byte order: LITTLE_ENDIAN
2016-12-18 22:59:35.951+0000 INFO  [o.n.k.i.DiagnosticsManager]: Local timezone: America/Chicago
2016-12-18 22:59:35.951+0000 INFO  [o.n.k.i.DiagnosticsManager]: JVM information:
2016-12-18 22:59:35.951+0000 INFO  [o.n.k.i.DiagnosticsManager]: VM Name: Java HotSpot(TM) 64-Bit Server VM
2016-12-18 22:59:35.951+0000 INFO  [o.n.k.i.DiagnosticsManager]: VM Vendor: Oracle Corporation
2016-12-18 22:59:35.951+0000 INFO  [o.n.k.i.DiagnosticsManager]: VM Version: 25.73-b02
2016-12-18 22:59:35.952+0000 INFO  [o.n.k.i.DiagnosticsManager]: JIT compiler: HotSpot 64-Bit Tiered Compilers
2016-12-18 22:59:35.952+0000 INFO  [o.n.k.i.DiagnosticsManager]: VM Arguments: [-XX:+DisableExplicitGC, -Dorg.neo4j.server.properties=conf/neo4j-server.properties, -Djava.util.logging.config.file=conf/logging.properties, -Dlog4j.configuration=file:conf/log4j.properties, -XX:+UseConcMarkSweepGC, -XX:+CMSClassUnloadingEnabled, -XX:-OmitStackTraceInFastThrow, -XX:hashCode=5, -Dneo4j.ext.udc.source=tarball, -Dneo4j.home=/Users/coraline/Documents/projects/ast_visualizer/db/neo4j/development, -Dneo4j.instance=/Users/coraline/Documents/projects/ast_visualizer/db/neo4j/development, -Dfile.encoding=UTF-8]
2016-12-18 22:59:35.953+0000 INFO  [o.n.k.i.DiagnosticsManager]: Java classpath:
2016-12-18 22:59:35.954+0000 INFO  [o.n.k.i.DiagnosticsManager]:  [classpath + loader.0] file:/Users/coraline/Documents/projects/ast_visualizer/db/neo4j/development/system/lib/jetty-security-9.2.4.v20141103.jar
2016-12-18 22:59:35.954+0000 INFO  [o.n.k.i.DiagnosticsManager]:  [classpath + loader.0] file:/Users/coraline/Documents/projects/ast_visualizer/db/neo4j/development/system/lib/jetty-xml-9.2.4.v20141103.jar
2016-12-18 22:59:35.954+0000 INFO  [o.n.k.i.DiagnosticsManager]:  [classpath + loader.0] file:/Users/coraline/Documents/projects/ast_visualizer/db/neo4j/development/system/lib/bcprov-jdk16-140.jar
2016-12-18 22:59:35.954+0000 INFO  [o.n.k.i.DiagnosticsManager]:  [classpath + loader.0] file:/Users/coraline/Documents/projects/ast_visualizer/db/neo4j/development/system/lib/jetty-io-9.2.4.v20141103.jar
2016-12-18 22:59:35.954+0000 INFO  [o.n.k.i.DiagnosticsManager]:  [loader.1] file:/Library/Internet%20Plug-Ins/JavaAppletPlugin.plugin/Contents/Home/lib/ext/jfxrt.jar
2016-12-18 22:59:35.954+0000 INFO  [o.n.k.i.DiagnosticsManager]:  [loader.1] file:/Library/Internet%20Plug-Ins/JavaAppletPlugin.plugin/Contents/Home/lib/ext/zipfs.jar
2016-12-18 22:59:35.954+0000 INFO  [o.n.k.i.DiagnosticsManager]:  [classpath + loader.0] file:/Users/coraline/Documents/projects/ast_visualizer/db/neo4j/development/lib/org.apache.servicemix.bundles.jline-0.9.94_1.jar
2016-12-18 22:59:35.954+0000 INFO  [o.n.k.i.DiagnosticsManager]:  [classpath + loader.0] file:/Users/coraline/Documents/projects/ast_visualizer/db/neo4j/development/lib/server-api-2.2.2.jar
2016-12-18 22:59:35.954+0000 INFO  [o.n.k.i.DiagnosticsManager]:  [loader.1] file:/Library/Internet%20Plug-Ins/JavaAppletPlugin.plugin/Contents/Home/lib/ext/cldrdata.jar
2016-12-18 22:59:35.954+0000 INFO  [o.n.k.i.DiagnosticsManager]:  [classpath + loader.0] file:/Users/coraline/Documents/projects/ast_visualizer/db/neo4j/development/lib/parboiled-core-1.1.7.jar
2016-12-18 22:59:35.954+0000 INFO  [o.n.k.i.DiagnosticsManager]:  [classpath + loader.0] file:/Users/coraline/Documents/projects/ast_visualizer/db/neo4j/development/lib/parboiled-scala_2.10-1.1.7.jar
2016-12-18 22:59:35.954+0000 INFO  [o.n.k.i.DiagnosticsManager]:  [classpath + loader.0] file:/Users/coraline/Documents/projects/ast_visualizer/db/neo4j/development/system/lib/slf4j-api-1.7.7.jar
2016-12-18 22:59:35.954+0000 INFO  [o.n.k.i.DiagnosticsManager]:  [bootstrap] /Library/Internet Plug-Ins/JavaAppletPlugin.plugin/Contents/Home/lib/resources.jar
2016-12-18 22:59:35.954+0000 INFO  [o.n.k.i.DiagnosticsManager]:  [classpath + loader.0] file:/Users/coraline/Documents/projects/ast_visualizer/db/neo4j/development/system/lib/commons-lang-2.6.jar
2016-12-18 22:59:35.954+0000 INFO  [o.n.k.i.DiagnosticsManager]:  [classpath + loader.0] file:/Users/coraline/Documents/projects/ast_visualizer/db/neo4j/development/system/lib/mimepull-1.9.3.jar
2016-12-18 22:59:35.954+0000 INFO  [o.n.k.i.DiagnosticsManager]:  [classpath + loader.0] file:/Users/coraline/Documents/projects/ast_visualizer/db/neo4j/development/system/lib/commons-logging-1.1.1.jar
2016-12-18 22:59:35.954+0000 INFO  [o.n.k.i.DiagnosticsManager]:  [classpath + loader.0] file:/Users/coraline/Documents/projects/ast_visualizer/db/neo4j/development/lib/neo4j-lucene-index-2.2.2.jar
2016-12-18 22:59:35.954+0000 INFO  [o.n.k.i.DiagnosticsManager]:  [loader.1] file:/Library/Internet%20Plug-Ins/JavaAppletPlugin.plugin/Contents/Home/lib/ext/sunjce_provider.jar
2016-12-18 22:59:35.954+0000 INFO  [o.n.k.i.DiagnosticsManager]:  [loader.1] file:/Library/Internet%20Plug-Ins/JavaAppletPlugin.plugin/Contents/Home/lib/ext/localedata.jar
2016-12-18 22:59:35.954+0000 INFO  [o.n.k.i.DiagnosticsManager]:  [classpath + loader.0] file:/Users/coraline/Documents/projects/ast_visualizer/db/neo4j/development/lib/neo4j-shell-2.2.2.jar
2016-12-18 22:59:35.954+0000 INFO  [o.n.k.i.DiagnosticsManager]:  [classpath + loader.0] file:/Users/coraline/Documents/projects/ast_visualizer/db/neo4j/development/system/lib/jackson-mapper-asl-1.9.13.jar
2016-12-18 22:59:35.954+0000 INFO  [o.n.k.i.DiagnosticsManager]:  [loader.1] file:/Library/Internet%20Plug-Ins/JavaAppletPlugin.plugin/Contents/Home/lib/ext/sunec.jar
2016-12-18 22:59:35.954+0000 INFO  [o.n.k.i.DiagnosticsManager]:  [classpath + loader.0] file:/Users/coraline/Documents/projects/ast_visualizer/db/neo4j/development/system/lib/janino-2.6.1.jar
2016-12-18 22:59:35.954+0000 INFO  [o.n.k.i.DiagnosticsManager]:  [classpath + loader.0] file:/Users/coraline/Documents/projects/ast_visualizer/db/neo4j/development/system/lib/jersey-servlet-1.18.1.jar
2016-12-18 22:59:35.954+0000 INFO  [o.n.k.i.DiagnosticsManager]:  [loader.1] file:/Library/Internet%20Plug-Ins/JavaAppletPlugin.plugin/Contents/Home/lib/ext/dnsns.jar
2016-12-18 22:59:35.954+0000 INFO  [o.n.k.i.DiagnosticsManager]:  [classpath + loader.0] file:/Users/coraline/Documents/projects/ast_visualizer/db/neo4j/development/system/lib/commons-beanutils-1.8.3.jar
2016-12-18 22:59:35.954+0000 INFO  [o.n.k.i.DiagnosticsManager]:  [bootstrap] /Library/Internet Plug-Ins/JavaAppletPlugin.plugin/Contents/Home/lib/sunrsasign.jar
2016-12-18 22:59:35.955+0000 INFO  [o.n.k.i.DiagnosticsManager]:  [classpath + loader.0] file:/Users/coraline/Documents/projects/ast_visualizer/db/neo4j/development/lib/neo4j-import-tool-2.2.2.jar
2016-12-18 22:59:35.955+0000 INFO  [o.n.k.i.DiagnosticsManager]:  [classpath + loader.0] file:/Users/coraline/Documents/projects/ast_visualizer/db/neo4j/development/system/lib/jsr311-api-1.1.2.r612.jar
2016-12-18 22:59:35.955+0000 INFO  [o.n.k.i.DiagnosticsManager]:  [classpath + loader.0] file:/Users/coraline/Documents/projects/ast_visualizer/db/neo4j/development/lib/neo4j-graph-algo-2.2.2.jar
2016-12-18 22:59:35.955+0000 INFO  [o.n.k.i.DiagnosticsManager]:  [classpath + loader.0] file:/Users/coraline/Documents/projects/ast_visualizer/db/neo4j/development/lib/neo4j-kernel-2.2.2.jar
2016-12-18 22:59:35.955+0000 INFO  [o.n.k.i.DiagnosticsManager]:  [classpath + loader.0] file:/Users/coraline/Documents/projects/ast_visualizer/db/neo4j/development/lib/neo4j-cypher-compiler-1.9-2.0.4.jar
2016-12-18 22:59:35.955+0000 INFO  [o.n.k.i.DiagnosticsManager]:  [bootstrap] /Library/Internet Plug-Ins/JavaAppletPlugin.plugin/Contents/Home/lib/jfr.jar
2016-12-18 22:59:35.955+0000 INFO  [o.n.k.i.DiagnosticsManager]:  [classpath + loader.0] file:/Users/coraline/Documents/projects/ast_visualizer/db/neo4j/development/system/lib/logback-classic-1.1.2.jar
2016-12-18 22:59:35.955+0000 INFO  [o.n.k.i.DiagnosticsManager]:  [classpath + loader.0] file:/Users/coraline/Documents/projects/ast_visualizer/db/neo4j/development/system/lib/jackson-jaxrs-1.9.13.jar
2016-12-18 22:59:35.955+0000 INFO  [o.n.k.i.DiagnosticsManager]:  [classpath + loader.0] file:/Users/coraline/Documents/projects/ast_visualizer/db/neo4j/development/system/lib/jetty-webapp-9.2.4.v20141103.jar
2016-12-18 22:59:35.955+0000 INFO  [o.n.k.i.DiagnosticsManager]:  [classpath + loader.0] file:/Users/coraline/Documents/projects/ast_visualizer/db/neo4j/development/system/lib/logback-core-1.1.2.jar
2016-12-18 22:59:35.955+0000 INFO  [o.n.k.i.DiagnosticsManager]:  [classpath + loader.0] file:/Users/coraline/Documents/projects/ast_visualizer/db/neo4j/development/lib/neo4j-cypher-2.2.2.jar
2016-12-18 22:59:35.955+0000 INFO  [o.n.k.i.DiagnosticsManager]:  [loader.1] file:/System/Library/Java/Extensions/MRJToolkit.jar
2016-12-18 22:59:35.955+0000 INFO  [o.n.k.i.DiagnosticsManager]:  [bootstrap] /Library/Internet Plug-Ins/JavaAppletPlugin.plugin/Contents/Home/lib/jsse.jar
2016-12-18 22:59:35.955+0000 INFO  [o.n.k.i.DiagnosticsManager]:  [classpath + loader.0] file:/Users/coraline/Documents/projects/ast_visualizer/db/neo4j/development/system/lib/logback-access-1.1.2.jar
2016-12-18 22:59:35.955+0000 INFO  [o.n.k.i.DiagnosticsManager]:  [loader.1] file:/Library/Internet%20Plug-Ins/JavaAppletPlugin.plugin/Contents/Home/lib/ext/jaccess.jar
2016-12-18 22:59:35.955+0000 INFO  [o.n.k.i.DiagnosticsManager]:  [classpath + loader.0] file:/Users/coraline/Documents/projects/ast_visualizer/db/neo4j/development/system/lib/jetty-servlet-9.2.4.v20141103.jar
2016-12-18 22:59:35.955+0000 INFO  [o.n.k.i.DiagnosticsManager]:  [bootstrap] /Library/Internet Plug-Ins/JavaAppletPlugin.plugin/Contents/Home/lib/charsets.jar
2016-12-18 22:59:35.955+0000 INFO  [o.n.k.i.DiagnosticsManager]:  [classpath + loader.0] file:/Users/coraline/Documents/projects/ast_visualizer/db/neo4j/development/system/lib/jetty-util-9.2.4.v20141103.jar
2016-12-18 22:59:35.955+0000 INFO  [o.n.k.i.DiagnosticsManager]:  [classpath + loader.0] file:/Users/coraline/Documents/projects/ast_visualizer/db/neo4j/development/lib/neo4j-graph-matching-2.2.2.jar
2016-12-18 22:59:35.955+0000 INFO  [o.n.k.i.DiagnosticsManager]:  [classpath + loader.0] file:/Users/coraline/Documents/projects/ast_visualizer/db/neo4j/development/conf/
2016-12-18 22:59:35.955+0000 INFO  [o.n.k.i.DiagnosticsManager]:  [classpath + loader.0] file:/Users/coraline/Documents/projects/ast_visualizer/db/neo4j/development/system/lib/jackson-core-asl-1.9.13.jar
2016-12-18 22:59:35.955+0000 INFO  [o.n.k.i.DiagnosticsManager]:  [classpath + loader.0] file:/Users/coraline/Documents/projects/ast_visualizer/db/neo4j/development/lib/opencsv-2.3.jar
2016-12-18 22:59:35.955+0000 INFO  [o.n.k.i.DiagnosticsManager]:  [classpath + loader.0] file:/Users/coraline/Documents/projects/ast_visualizer/db/neo4j/development/system/lib/commons-configuration-1.10.jar
2016-12-18 22:59:35.955+0000 INFO  [o.n.k.i.DiagnosticsManager]:  [classpath + loader.0] file:/Users/coraline/Documents/projects/ast_visualizer/db/neo4j/development/system/lib/neo4j-browser-2.2.2.jar
2016-12-18 22:59:35.955+0000 INFO  [o.n.k.i.DiagnosticsManager]:  [loader.1] file:/Library/Internet%20Plug-Ins/JavaAppletPlugin.plugin/Contents/Home/lib/ext/sunpkcs11.jar
2016-12-18 22:59:35.955+0000 INFO  [o.n.k.i.DiagnosticsManager]:  [bootstrap] /Library/Internet Plug-Ins/JavaAppletPlugin.plugin/Contents/Home/classes
2016-12-18 22:59:35.955+0000 INFO  [o.n.k.i.DiagnosticsManager]:  [classpath + loader.0] file:/Users/coraline/Documents/projects/ast_visualizer/db/neo4j/development/system/lib/commons-compiler-2.6.1.jar
2016-12-18 22:59:35.955+0000 INFO  [o.n.k.i.DiagnosticsManager]:  [classpath + loader.0] file:/Users/coraline/Documents/projects/ast_visualizer/db/neo4j/development/lib/scala-library-2.10.5.jar
2016-12-18 22:59:35.955+0000 INFO  [o.n.k.i.DiagnosticsManager]:  [loader.1] file:/Library/Internet%20Plug-Ins/JavaAppletPlugin.plugin/Contents/Home/lib/ext/nashorn.jar
2016-12-18 22:59:35.955+0000 INFO  [o.n.k.i.DiagnosticsManager]:  [classpath + loader.0] file:/Users/coraline/Documents/projects/ast_visualizer/db/neo4j/development/system/lib/jersey-server-1.18.1.jar
2016-12-18 22:59:35.955+0000 INFO  [o.n.k.i.DiagnosticsManager]:  [classpath + loader.0] file:/Users/coraline/Documents/projects/ast_visualizer/db/neo4j/development/system/lib/scala-reflect-2.10.5.jar
2016-12-18 22:59:35.955+0000 INFO  [o.n.k.i.DiagnosticsManager]:  [classpath + loader.0] file:/Users/coraline/Documents/projects/ast_visualizer/db/neo4j/development/system/lib/jersey-multipart-1.18.1.jar
2016-12-18 22:59:35.955+0000 INFO  [o.n.k.i.DiagnosticsManager]:  [bootstrap] /Library/Internet Plug-Ins/JavaAppletPlugin.plugin/Contents/Home/lib/rt.jar
2016-12-18 22:59:35.955+0000 INFO  [o.n.k.i.DiagnosticsManager]:  [classpath + loader.0] file:/Users/coraline/Documents/projects/ast_visualizer/db/neo4j/development/system/lib/jersey-core-1.18.1.jar
2016-12-18 22:59:35.955+0000 INFO  [o.n.k.i.DiagnosticsManager]:  [classpath + loader.0] file:/Users/coraline/Documents/projects/ast_visualizer/db/neo4j/development/system/lib/rhino-1.7R4.jar
2016-12-18 22:59:35.955+0000 INFO  [o.n.k.i.DiagnosticsManager]:  [classpath + loader.0] file:/Users/coraline/Documents/projects/ast_visualizer/db/neo4j/development/system/lib/jetty-http-9.2.4.v20141103.jar
2016-12-18 22:59:35.955+0000 INFO  [o.n.k.i.DiagnosticsManager]:  [bootstrap] /Library/Internet Plug-Ins/JavaAppletPlugin.plugin/Contents/Home/lib/jce.jar
2016-12-18 22:59:35.955+0000 INFO  [o.n.k.i.DiagnosticsManager]:  [classpath + loader.0] file:/Users/coraline/Documents/projects/ast_visualizer/db/neo4j/development/system/lib/neo4j-server-2.2.2.jar
2016-12-18 22:59:35.955+0000 INFO  [o.n.k.i.DiagnosticsManager]:  [classpath + loader.0] file:/Users/coraline/Documents/projects/ast_visualizer/db/neo4j/development/lib/neo4j-primitive-collections-2.2.2.jar
2016-12-18 22:59:35.955+0000 INFO  [o.n.k.i.DiagnosticsManager]:  [classpath + loader.0] file:/Users/coraline/Documents/projects/ast_visualizer/db/neo4j/development/system/lib/rrd4j-2.2.jar
2016-12-18 22:59:35.955+0000 INFO  [o.n.k.i.DiagnosticsManager]:  [classpath + loader.0] file:/Users/coraline/Documents/projects/ast_visualizer/db/neo4j/development/lib/lucene-core-3.6.2.jar
2016-12-18 22:59:35.955+0000 INFO  [o.n.k.i.DiagnosticsManager]:  [classpath + loader.0] file:/Users/coraline/Documents/projects/ast_visualizer/db/neo4j/development/system/lib/commons-digester-2.1.jar
2016-12-18 22:59:35.955+0000 INFO  [o.n.k.i.DiagnosticsManager]:  [classpath + loader.0] file:/Users/coraline/Documents/projects/ast_visualizer/db/neo4j/development/lib/neo4j-cypher-compiler-2.2-2.2.2.jar
2016-12-18 22:59:35.955+0000 INFO  [o.n.k.i.DiagnosticsManager]:  [classpath + loader.0] file:/Users/coraline/Documents/projects/ast_visualizer/db/neo4j/development/system/lib/jcl-over-slf4j-1.7.7.jar
2016-12-18 22:59:35.955+0000 INFO  [o.n.k.i.DiagnosticsManager]:  [classpath + loader.0] file:/Users/coraline/Documents/projects/ast_visualizer/db/neo4j/development/system/lib/javax.servlet-api-3.1.0.jar
2016-12-18 22:59:35.956+0000 INFO  [o.n.k.i.DiagnosticsManager]:  [classpath + loader.0] file:/Users/coraline/Documents/projects/ast_visualizer/db/neo4j/development/system/lib/neo4j-server-2.2.2-static-web.jar
2016-12-18 22:59:35.956+0000 INFO  [o.n.k.i.DiagnosticsManager]:  [classpath + loader.0] file:/Users/coraline/Documents/projects/ast_visualizer/db/neo4j/development/lib/neo4j-consistency-check-2.2.2.jar
2016-12-18 22:59:35.956+0000 INFO  [o.n.k.i.DiagnosticsManager]:  [classpath + loader.0] file:/Users/coraline/Documents/projects/ast_visualizer/db/neo4j/development/lib/neo4j-cypher-compiler-2.1-2.1.8.jar
2016-12-18 22:59:35.956+0000 INFO  [o.n.k.i.DiagnosticsManager]:  [classpath + loader.0] file:/Users/coraline/Documents/projects/ast_visualizer/db/neo4j/development/lib/neo4j-io-2.2.2.jar
2016-12-18 22:59:35.956+0000 INFO  [o.n.k.i.DiagnosticsManager]:  [classpath + loader.0] file:/Users/coraline/Documents/projects/ast_visualizer/db/neo4j/development/system/lib/jetty-server-9.2.4.v20141103.jar
2016-12-18 22:59:35.956+0000 INFO  [o.n.k.i.DiagnosticsManager]:  [classpath + loader.0] file:/Users/coraline/Documents/projects/ast_visualizer/db/neo4j/development/lib/neo4j-cypher-compiler-2.0-2.0.4.jar
2016-12-18 22:59:35.956+0000 INFO  [o.n.k.i.DiagnosticsManager]:  [classpath + loader.0] file:/Users/coraline/Documents/projects/ast_visualizer/db/neo4j/development/lib/concurrentlinkedhashmap-lru-1.4.jar
2016-12-18 22:59:35.956+0000 INFO  [o.n.k.i.DiagnosticsManager]:  [classpath + loader.0] file:/Users/coraline/Documents/projects/ast_visualizer/db/neo4j/development/lib/neo4j-jmx-2.2.2.jar
2016-12-18 22:59:35.956+0000 INFO  [o.n.k.i.DiagnosticsManager]:  [classpath + loader.0] file:/Users/coraline/Documents/projects/ast_visualizer/db/neo4j/development/lib/neo4j-udc-2.2.2.jar
2016-12-18 22:59:35.956+0000 INFO  [o.n.k.i.DiagnosticsManager]:  [classpath + loader.0] file:/Users/coraline/Documents/projects/ast_visualizer/db/neo4j/development/lib/neo4j-unsafe-2.2.2.jar
2016-12-18 22:59:35.956+0000 INFO  [o.n.k.i.DiagnosticsManager]:  [classpath + loader.0] file:/Users/coraline/Documents/projects/ast_visualizer/db/neo4j/development/lib/neo4j-csv-2.2.2.jar
2016-12-18 22:59:35.956+0000 INFO  [o.n.k.i.DiagnosticsManager]:  [classpath + loader.0] file:/Users/coraline/Documents/projects/ast_visualizer/db/neo4j/development/system/lib/commons-io-2.4.jar
2016-12-18 22:59:35.956+0000 INFO  [o.n.k.i.DiagnosticsManager]: Library path:
2016-12-18 22:59:35.956+0000 INFO  [o.n.k.i.DiagnosticsManager]: /Users/coraline/Library/Java/Extensions
2016-12-18 22:59:35.956+0000 INFO  [o.n.k.i.DiagnosticsManager]: /Library/Java/Extensions
2016-12-18 22:59:35.956+0000 INFO  [o.n.k.i.DiagnosticsManager]: /Network/Library/Java/Extensions
2016-12-18 22:59:35.956+0000 INFO  [o.n.k.i.DiagnosticsManager]: /System/Library/Java/Extensions
2016-12-18 22:59:35.956+0000 INFO  [o.n.k.i.DiagnosticsManager]: /usr/lib/java
2016-12-18 22:59:35.956+0000 INFO  [o.n.k.i.DiagnosticsManager]: /Users/coraline/Documents/projects/ast_visualizer/db/neo4j/development
2016-12-18 22:59:35.956+0000 INFO  [o.n.k.i.DiagnosticsManager]: System.properties:
2016-12-18 22:59:35.957+0000 INFO  [o.n.k.i.DiagnosticsManager]: sun.boot.library.path = /Library/Internet Plug-Ins/JavaAppletPlugin.plugin/Contents/Home/lib
2016-12-18 22:59:35.957+0000 INFO  [o.n.k.i.DiagnosticsManager]: org.neo4j.server.properties = conf/neo4j-server.properties
2016-12-18 22:59:35.957+0000 INFO  [o.n.k.i.DiagnosticsManager]: gopherProxySet = false
2016-12-18 22:59:35.957+0000 INFO  [o.n.k.i.DiagnosticsManager]: path.separator = :
2016-12-18 22:59:35.957+0000 INFO  [o.n.k.i.DiagnosticsManager]: file.encoding.pkg = sun.io
2016-12-18 22:59:35.957+0000 INFO  [o.n.k.i.DiagnosticsManager]: user.country = US
2016-12-18 22:59:35.957+0000 INFO  [o.n.k.i.DiagnosticsManager]: sun.java.launcher = SUN_STANDARD
2016-12-18 22:59:35.957+0000 INFO  [o.n.k.i.DiagnosticsManager]: sun.os.patch.level = unknown
2016-12-18 22:59:35.957+0000 INFO  [o.n.k.i.DiagnosticsManager]: user.dir = /Users/coraline/Documents/projects/ast_visualizer/db/neo4j/development
2016-12-18 22:59:35.957+0000 INFO  [o.n.k.i.DiagnosticsManager]: neo4j.ext.udc.source = tarball
2016-12-18 22:59:35.957+0000 INFO  [o.n.k.i.DiagnosticsManager]: log4j.configuration = file:conf/log4j.properties
2016-12-18 22:59:35.957+0000 INFO  [o.n.k.i.DiagnosticsManager]: sun.jnu.encoding = UTF-8
2016-12-18 22:59:35.957+0000 INFO  [o.n.k.i.DiagnosticsManager]: sun.management.compiler = HotSpot 64-Bit Tiered Compilers
2016-12-18 22:59:35.957+0000 INFO  [o.n.k.i.DiagnosticsManager]: http.nonProxyHosts = local|*.local|169.254/16|*.169.254/16
2016-12-18 22:59:35.957+0000 INFO  [o.n.k.i.DiagnosticsManager]: user.home = /Users/coraline
2016-12-18 22:59:35.957+0000 INFO  [o.n.k.i.DiagnosticsManager]: user.timezone = America/Chicago
2016-12-18 22:59:35.957+0000 INFO  [o.n.k.i.DiagnosticsManager]: file.encoding = UTF-8
2016-12-18 22:59:35.957+0000 INFO  [o.n.k.i.DiagnosticsManager]: user.name = coraline
2016-12-18 22:59:35.957+0000 INFO  [o.n.k.i.DiagnosticsManager]: sun.java.command = org.neo4j.server.Bootstrapper
2016-12-18 22:59:35.957+0000 INFO  [o.n.k.i.DiagnosticsManager]: sun.arch.data.model = 64
2016-12-18 22:59:35.957+0000 INFO  [o.n.k.i.DiagnosticsManager]: user.language = en
2016-12-18 22:59:35.957+0000 INFO  [o.n.k.i.DiagnosticsManager]: awt.toolkit = sun.lwawt.macosx.LWCToolkit
2016-12-18 22:59:35.957+0000 INFO  [o.n.k.i.DiagnosticsManager]: file.separator = /
2016-12-18 22:59:35.957+0000 INFO  [o.n.k.i.DiagnosticsManager]: sun.io.unicode.encoding = UnicodeBig
2016-12-18 22:59:35.957+0000 INFO  [o.n.k.i.DiagnosticsManager]: sun.cpu.endian = little
2016-12-18 22:59:35.957+0000 INFO  [o.n.k.i.DiagnosticsManager]: socksNonProxyHosts = local|*.local|169.254/16|*.169.254/16
2016-12-18 22:59:35.957+0000 INFO  [o.n.k.i.DiagnosticsManager]: neo4j.instance = /Users/coraline/Documents/projects/ast_visualizer/db/neo4j/development
2016-12-18 22:59:35.957+0000 INFO  [o.n.k.i.DiagnosticsManager]: ftp.nonProxyHosts = local|*.local|169.254/16|*.169.254/16
2016-12-18 22:59:35.957+0000 INFO  [o.n.k.i.DiagnosticsManager]: neo4j.home = /Users/coraline/Documents/projects/ast_visualizer/db/neo4j/development
2016-12-18 22:59:35.957+0000 INFO  [o.n.k.i.DiagnosticsManager]: sun.cpu.isalist = 
2016-12-18 22:59:35.957+0000 INFO  [o.n.k.i.DiagnosticsManager]: Network information:
2016-12-18 22:59:35.961+0000 INFO  [o.n.k.i.DiagnosticsManager]: Interface utun1:
2016-12-18 22:59:35.961+0000 INFO  [o.n.k.i.DiagnosticsManager]:     address: fd5b:bf3f:4b23:fdef:95cb:ff81:951:e7da
2016-12-18 22:59:35.962+0000 INFO  [o.n.k.i.DiagnosticsManager]:     address: fe80:0:0:0:95cb:ff81:951:e7da%utun1
2016-12-18 22:59:35.962+0000 INFO  [o.n.k.i.DiagnosticsManager]: Interface utun0:
2016-12-18 22:59:35.962+0000 INFO  [o.n.k.i.DiagnosticsManager]:     address: fe80:0:0:0:a3c:29ea:934:25f3%utun0
2016-12-18 22:59:35.962+0000 INFO  [o.n.k.i.DiagnosticsManager]: Interface awdl0:
2016-12-18 22:59:35.962+0000 INFO  [o.n.k.i.DiagnosticsManager]:     address: fe80:0:0:0:5828:fcff:fec9:dafa%awdl0
2016-12-18 22:59:35.962+0000 INFO  [o.n.k.i.DiagnosticsManager]: Interface en0:
2016-12-18 22:59:35.962+0000 INFO  [o.n.k.i.DiagnosticsManager]:     address: 2601:243:300:2210:448e:809f:12a2:b00b
2016-12-18 22:59:35.962+0000 INFO  [o.n.k.i.DiagnosticsManager]:     address: 2601:243:300:2210:80d:8e1b:f24e:bc42
2016-12-18 22:59:35.962+0000 INFO  [o.n.k.i.DiagnosticsManager]:     address: fe80:0:0:0:470:96fa:794e:545a%en0
2016-12-18 22:59:35.962+0000 INFO  [o.n.k.i.DiagnosticsManager]:     address: 192.168.0.5
2016-12-18 22:59:35.962+0000 INFO  [o.n.k.i.DiagnosticsManager]: Interface lo0:
2016-12-18 22:59:35.962+0000 INFO  [o.n.k.i.DiagnosticsManager]:     address: fe80:0:0:0:0:0:0:1%lo0
2016-12-18 22:59:35.962+0000 INFO  [o.n.k.i.DiagnosticsManager]:     address: 0:0:0:0:0:0:0:1
2016-12-18 22:59:35.962+0000 INFO  [o.n.k.i.DiagnosticsManager]:     address: 127.0.0.1
2016-12-18 22:59:35.962+0000 INFO  [o.n.k.i.DiagnosticsManager]: --- INITIALIZED diagnostics END ---
2016-12-18 22:59:36.176+0000 INFO  [o.n.k.i.s.StoreFactory]: Creating new db @ /Users/coraline/Documents/projects/ast_visualizer/db/neo4j/development/data/graph.db/neostore
2016-12-18 22:59:36.326+0000 INFO  [o.n.k.a.i.i.LuceneLabelScanStore]: No lucene scan store index found, this might just be first use. Preparing to rebuild.
2016-12-18 22:59:36.352+0000 INFO  [o.n.k.a.i.i.LuceneLabelScanStore]: No lucene scan store index found, this might just be first use. Preparing to rebuild.
2016-12-18 22:59:36.407+0000 INFO  [o.n.k.NeoStoreDataSource]: Opened logical log [/Users/coraline/Documents/projects/ast_visualizer/db/neo4j/development/data/graph.db/neostore.transaction.db.0] version=0, lastTxId=1 (clean)
2016-12-18 22:59:36.410+0000 WARN  [o.n.k.i.s.StoreFactory]: Missing counts store, rebuilding it.
2016-12-18 22:59:36.511+0000 INFO  [o.n.k.a.i.i.LuceneLabelScanStore]: Rebuilding lucene scan store, this may take a while
2016-12-18 22:59:36.512+0000 INFO  [o.n.k.a.i.i.LuceneLabelScanStore]: Lucene scan store rebuilt (roughly -1 nodes)
2016-12-18 22:59:36.518+0000 INFO  [o.n.k.KernelHealth]: Kernel health set to OK
2016-12-18 22:59:37.033+0000 INFO  [o.n.k.i.DiagnosticsManager]: --- STARTED diagnostics for KernelDiagnostics:Versions START ---
2016-12-18 22:59:37.033+0000 INFO  [o.n.k.i.DiagnosticsManager]: Graph Database: org.neo4j.kernel.EmbeddedGraphDatabase StoreId{creationTime=1482101976175, randomId=6562172998689120351, storeVersion=14969031248344582, upgradeTime=1482101976175, upgradeId=1}
2016-12-18 22:59:37.033+0000 INFO  [o.n.k.i.DiagnosticsManager]: Kernel version: Neo4j - Graph Database Kernel (neo4j-kernel), version: 2.2.2
2016-12-18 22:59:37.033+0000 INFO  [o.n.k.i.DiagnosticsManager]: Neo4j component versions:
2016-12-18 22:59:37.036+0000 INFO  [o.n.k.i.DiagnosticsManager]:   Neo4j - Cypher Compiler 1.9 (neo4j-cypher-compiler-1.9), version: 2.0.4; revision: 2.0.4:2.0-maint:130/4a7d10bc274a5d26a180bbe9df25100e8a694748
2016-12-18 22:59:37.036+0000 INFO  [o.n.k.i.DiagnosticsManager]:   Neo4j - Consistency Checker (neo4j-consistency-check), version: 2.2.2; revision: 2.2.2:2.2:973/0ee8628da67da8c582a299d6aa109768be6886d7
2016-12-18 22:59:37.036+0000 INFO  [o.n.k.i.DiagnosticsManager]:   Neo4j - Cypher Compiler 2.2 (neo4j-cypher-compiler-2.2), version: 2.2.2; revision: 2.2.2:2.2:973/0ee8628da67da8c582a299d6aa109768be6886d7
2016-12-18 22:59:37.036+0000 INFO  [o.n.k.i.DiagnosticsManager]:   Neo4j - Import Command Line Tool (neo4j-import-tool), version: 2.2.2; revision: 2.2.2:2.2:973/0ee8628da67da8c582a299d6aa109768be6886d7
2016-12-18 22:59:37.036+0000 INFO  [o.n.k.i.DiagnosticsManager]:   Neo4j - Server API (server-api), version: 2.2.2; revision: 2.2.2:2.2:973/0ee8628da67da8c582a299d6aa109768be6886d7
2016-12-18 22:59:37.037+0000 INFO  [o.n.k.i.DiagnosticsManager]:   Neo4j - Graph Database Kernel (neo4j-kernel), version: 2.2.2; revision: 2.2.2:2.2:973/0ee8628da67da8c582a299d6aa109768be6886d7
2016-12-18 22:59:37.037+0000 INFO  [o.n.k.i.DiagnosticsManager]:   Neo4j - Cypher Compiler 2.1 (neo4j-cypher-compiler-2.1), version: 2.1.8; revision: 2.1.8:2.1-maint:687/5c83ce3a5ddf33259593f719153ce71a6fe89fc7
2016-12-18 22:59:37.037+0000 INFO  [o.n.k.i.DiagnosticsManager]:   Neo4j - Generic shell (neo4j-shell), version: 2.2.2; revision: 2.2.2:2.2:973/0ee8628da67da8c582a299d6aa109768be6886d7
2016-12-18 22:59:37.037+0000 INFO  [o.n.k.i.DiagnosticsManager]:   neo4j-udc, version: 2.2.2; revision: 2.2.2:2.2:973/0ee8628da67da8c582a299d6aa109768be6886d7
2016-12-18 22:59:37.037+0000 INFO  [o.n.k.i.DiagnosticsManager]:   Neo4j - Lucene Index (neo4j-lucene-index), version: 2.2.2; revision: 2.2.2:2.2:973/0ee8628da67da8c582a299d6aa109768be6886d7
2016-12-18 22:59:37.037+0000 INFO  [o.n.k.i.DiagnosticsManager]:   Neo4j - Server (neo4j-server), version: 2.2.2; revision: 2.2.2:2.2:973/0ee8628da67da8c582a299d6aa109768be6886d7
2016-12-18 22:59:37.037+0000 INFO  [o.n.k.i.DiagnosticsManager]:   Neo4j - Cypher Compiler 2.0 (neo4j-cypher-compiler-2.0), version: 2.0.4; revision: 2.0.4:2.0-maint:130/4a7d10bc274a5d26a180bbe9df25100e8a694748
2016-12-18 22:59:37.037+0000 INFO  [o.n.k.i.DiagnosticsManager]:   Neo4j - Graph Matching (neo4j-graph-matching), version: 2.2.2; revision: 2.2.2:2.2:973/0ee8628da67da8c582a299d6aa109768be6886d7
2016-12-18 22:59:37.037+0000 INFO  [o.n.k.i.DiagnosticsManager]:   Neo4j - JMX support (neo4j-jmx), version: 2.2.2; revision: 2.2.2:2.2:973/0ee8628da67da8c582a299d6aa109768be6886d7
2016-12-18 22:59:37.037+0000 INFO  [o.n.k.i.DiagnosticsManager]:   Neo4j - Cypher (neo4j-cypher), version: 2.2.2; revision: 2.2.2:2.2:973/0ee8628da67da8c582a299d6aa109768be6886d7
2016-12-18 22:59:37.037+0000 INFO  [o.n.k.i.DiagnosticsManager]:   Neo4j - Graph Algorithms (neo4j-graph-algo), version: 2.2.2; revision: 2.2.2:2.2:973/0ee8628da67da8c582a299d6aa109768be6886d7
2016-12-18 22:59:37.037+0000 INFO  [o.n.k.i.DiagnosticsManager]: --- STARTED diagnostics for KernelDiagnostics:Versions END ---
2016-12-18 22:59:37.038+0000 INFO  [o.n.k.i.DiagnosticsManager]: --- STARTED diagnostics for NEO_STORE_VERSIONS START ---
2016-12-18 22:59:37.038+0000 INFO  [o.n.k.i.DiagnosticsManager]: Store versions:
2016-12-18 22:59:37.038+0000 INFO  [o.n.k.i.DiagnosticsManager]: Store versions:
2016-12-18 22:59:37.038+0000 INFO  [o.n.k.i.DiagnosticsManager]:   NeoStore v0.A.5
2016-12-18 22:59:37.039+0000 INFO  [o.n.k.i.DiagnosticsManager]:   SchemaStore v0.A.5
2016-12-18 22:59:37.039+0000 INFO  [o.n.k.i.DiagnosticsManager]:   NodeStore v0.A.5
2016-12-18 22:59:37.039+0000 INFO  [o.n.k.i.DiagnosticsManager]:   RelationshipStore v0.A.5
2016-12-18 22:59:37.039+0000 INFO  [o.n.k.i.DiagnosticsManager]:   RelationshipTypeStore v0.A.5
2016-12-18 22:59:37.039+0000 INFO  [o.n.k.i.DiagnosticsManager]:   LabelTokenStore v0.A.5
2016-12-18 22:59:37.039+0000 INFO  [o.n.k.i.DiagnosticsManager]:   PropertyStore v0.A.5
2016-12-18 22:59:37.039+0000 INFO  [o.n.k.i.DiagnosticsManager]:   PropertyIndexStore v0.A.5
2016-12-18 22:59:37.039+0000 INFO  [o.n.k.i.DiagnosticsManager]:   StringPropertyStore v0.A.5
2016-12-18 22:59:37.039+0000 INFO  [o.n.k.i.DiagnosticsManager]:   ArrayPropertyStore v0.A.5
2016-12-18 22:59:37.039+0000 INFO  [o.n.k.i.DiagnosticsManager]:   RelationshipGroupStore v0.A.5
2016-12-18 22:59:37.039+0000 INFO  [o.n.k.i.DiagnosticsManager]: --- STARTED diagnostics for NEO_STORE_VERSIONS END ---
2016-12-18 22:59:37.039+0000 INFO  [o.n.k.i.DiagnosticsManager]: --- STARTED diagnostics for NEO_STORE_ID_USAGE START ---
2016-12-18 22:59:37.039+0000 INFO  [o.n.k.i.DiagnosticsManager]: Id usage:
2016-12-18 22:59:37.039+0000 INFO  [o.n.k.i.DiagnosticsManager]: Id usage:
2016-12-18 22:59:37.039+0000 INFO  [o.n.k.i.DiagnosticsManager]:   SchemaStore: used=1 high=0
2016-12-18 22:59:37.039+0000 INFO  [o.n.k.i.DiagnosticsManager]:   NodeStore: used=0 high=-1
2016-12-18 22:59:37.039+0000 INFO  [o.n.k.i.DiagnosticsManager]:   RelationshipStore: used=0 high=-1
2016-12-18 22:59:37.039+0000 INFO  [o.n.k.i.DiagnosticsManager]:   RelationshipTypeStore: used=0 high=-1
2016-12-18 22:59:37.039+0000 INFO  [o.n.k.i.DiagnosticsManager]:   LabelTokenStore: used=0 high=-1
2016-12-18 22:59:37.039+0000 INFO  [o.n.k.i.DiagnosticsManager]:   PropertyStore: used=0 high=-1
2016-12-18 22:59:37.039+0000 INFO  [o.n.k.i.DiagnosticsManager]:   PropertyIndexStore: used=0 high=-1
2016-12-18 22:59:37.039+0000 INFO  [o.n.k.i.DiagnosticsManager]:   StringPropertyStore: used=1 high=0
2016-12-18 22:59:37.039+0000 INFO  [o.n.k.i.DiagnosticsManager]:   ArrayPropertyStore: used=1 high=0
2016-12-18 22:59:37.040+0000 INFO  [o.n.k.i.DiagnosticsManager]:   RelationshipGroupStore: used=1 high=0
2016-12-18 22:59:37.040+0000 INFO  [o.n.k.i.DiagnosticsManager]: --- STARTED diagnostics for NEO_STORE_ID_USAGE END ---
2016-12-18 22:59:37.040+0000 INFO  [o.n.k.i.DiagnosticsManager]: --- STARTED diagnostics for KernelDiagnostics:StoreFiles START ---
2016-12-18 22:59:37.040+0000 INFO  [o.n.k.i.DiagnosticsManager]: Disk space on partition (Total / Free / Free %): 993862483968 / 520893108224 / 52
Storage files: (filename : modification date - size)
2016-12-18 22:59:37.041+0000 INFO  [o.n.k.i.DiagnosticsManager]:   index:
2016-12-18 22:59:37.041+0000 INFO  [o.n.k.i.DiagnosticsManager]:   - Total: 2016-12-18T16:59:36-0600 - 0.00 B
2016-12-18 22:59:37.041+0000 INFO  [o.n.k.i.DiagnosticsManager]:   lock: 2016-12-18T16:59:36-0600 - 0.00 B
2016-12-18 22:59:37.041+0000 INFO  [o.n.k.i.DiagnosticsManager]:   messages.log: 2016-12-18T16:59:37-0600 - 35.41 kB
2016-12-18 22:59:37.041+0000 INFO  [o.n.k.i.DiagnosticsManager]:   neostore: 2016-12-18T16:59:36-0600 - 99.00 B
2016-12-18 22:59:37.041+0000 INFO  [o.n.k.i.DiagnosticsManager]:   neostore.counts.db.a: 2016-12-18T16:59:36-0600 - 114.00 B
2016-12-18 22:59:37.041+0000 INFO  [o.n.k.i.DiagnosticsManager]:   neostore.id: 2016-12-18T16:59:36-0600 - 9.00 B
2016-12-18 22:59:37.042+0000 INFO  [o.n.k.i.DiagnosticsManager]:   neostore.labeltokenstore.db: 2016-12-18T16:59:36-0600 - 0.00 B
2016-12-18 22:59:37.042+0000 INFO  [o.n.k.i.DiagnosticsManager]:   neostore.labeltokenstore.db.id: 2016-12-18T16:59:36-0600 - 9.00 B
2016-12-18 22:59:37.042+0000 INFO  [o.n.k.i.DiagnosticsManager]:   neostore.labeltokenstore.db.names: 2016-12-18T16:59:36-0600 - 38.00 B
2016-12-18 22:59:37.042+0000 INFO  [o.n.k.i.DiagnosticsManager]:   neostore.labeltokenstore.db.names.id: 2016-12-18T16:59:36-0600 - 9.00 B
2016-12-18 22:59:37.042+0000 INFO  [o.n.k.i.DiagnosticsManager]:   neostore.nodestore.db: 2016-12-18T16:59:36-0600 - 0.00 B
2016-12-18 22:59:37.042+0000 INFO  [o.n.k.i.DiagnosticsManager]:   neostore.nodestore.db.id: 2016-12-18T16:59:36-0600 - 9.00 B
2016-12-18 22:59:37.042+0000 INFO  [o.n.k.i.DiagnosticsManager]:   neostore.nodestore.db.labels: 2016-12-18T16:59:36-0600 - 68.00 B
2016-12-18 22:59:37.042+0000 INFO  [o.n.k.i.DiagnosticsManager]:   neostore.nodestore.db.labels.id: 2016-12-18T16:59:36-0600 - 9.00 B
2016-12-18 22:59:37.043+0000 INFO  [o.n.k.i.DiagnosticsManager]:   neostore.propertystore.db: 2016-12-18T16:59:36-0600 - 0.00 B
2016-12-18 22:59:37.043+0000 INFO  [o.n.k.i.DiagnosticsManager]:   neostore.propertystore.db.arrays: 2016-12-18T16:59:36-0600 - 128.00 B
2016-12-18 22:59:37.043+0000 INFO  [o.n.k.i.DiagnosticsManager]:   neostore.propertystore.db.arrays.id: 2016-12-18T16:59:36-0600 - 9.00 B
2016-12-18 22:59:37.043+0000 INFO  [o.n.k.i.DiagnosticsManager]:   neostore.propertystore.db.id: 2016-12-18T16:59:36-0600 - 9.00 B
2016-12-18 22:59:37.043+0000 INFO  [o.n.k.i.DiagnosticsManager]:   neostore.propertystore.db.index: 2016-12-18T16:59:36-0600 - 0.00 B
2016-12-18 22:59:37.043+0000 INFO  [o.n.k.i.DiagnosticsManager]:   neostore.propertystore.db.index.id: 2016-12-18T16:59:36-0600 - 9.00 B
2016-12-18 22:59:37.043+0000 INFO  [o.n.k.i.DiagnosticsManager]:   neostore.propertystore.db.index.keys: 2016-12-18T16:59:36-0600 - 38.00 B
2016-12-18 22:59:37.043+0000 INFO  [o.n.k.i.DiagnosticsManager]:   neostore.propertystore.db.index.keys.id: 2016-12-18T16:59:36-0600 - 9.00 B
2016-12-18 22:59:37.043+0000 INFO  [o.n.k.i.DiagnosticsManager]:   neostore.propertystore.db.strings: 2016-12-18T16:59:36-0600 - 128.00 B
2016-12-18 22:59:37.043+0000 INFO  [o.n.k.i.DiagnosticsManager]:   neostore.propertystore.db.strings.id: 2016-12-18T16:59:36-0600 - 9.00 B
2016-12-18 22:59:37.044+0000 INFO  [o.n.k.i.DiagnosticsManager]:   neostore.relationshipgroupstore.db: 2016-12-18T16:59:36-0600 - 25.00 B
2016-12-18 22:59:37.044+0000 INFO  [o.n.k.i.DiagnosticsManager]:   neostore.relationshipgroupstore.db.id: 2016-12-18T16:59:36-0600 - 9.00 B
2016-12-18 22:59:37.044+0000 INFO  [o.n.k.i.DiagnosticsManager]:   neostore.relationshipstore.db: 2016-12-18T16:59:36-0600 - 0.00 B
2016-12-18 22:59:37.044+0000 INFO  [o.n.k.i.DiagnosticsManager]:   neostore.relationshipstore.db.id: 2016-12-18T16:59:36-0600 - 9.00 B
2016-12-18 22:59:37.044+0000 INFO  [o.n.k.i.DiagnosticsManager]:   neostore.relationshiptypestore.db: 2016-12-18T16:59:36-0600 - 0.00 B
2016-12-18 22:59:37.044+0000 INFO  [o.n.k.i.DiagnosticsManager]:   neostore.relationshiptypestore.db.id: 2016-12-18T16:59:36-0600 - 9.00 B
2016-12-18 22:59:37.044+0000 INFO  [o.n.k.i.DiagnosticsManager]:   neostore.relationshiptypestore.db.names: 2016-12-18T16:59:36-0600 - 38.00 B
2016-12-18 22:59:37.044+0000 INFO  [o.n.k.i.DiagnosticsManager]:   neostore.relationshiptypestore.db.names.id: 2016-12-18T16:59:36-0600 - 9.00 B
2016-12-18 22:59:37.044+0000 INFO  [o.n.k.i.DiagnosticsManager]:   neostore.schemastore.db: 2016-12-18T16:59:36-0600 - 64.00 B
2016-12-18 22:59:37.045+0000 INFO  [o.n.k.i.DiagnosticsManager]:   neostore.schemastore.db.id: 2016-12-18T16:59:36-0600 - 9.00 B
2016-12-18 22:59:37.045+0000 INFO  [o.n.k.i.DiagnosticsManager]:   neostore.transaction.db.0: 2016-12-18T16:59:36-0600 - 16.00 B
2016-12-18 22:59:37.045+0000 INFO  [o.n.k.i.DiagnosticsManager]:   schema:
2016-12-18 22:59:37.045+0000 INFO  [o.n.k.i.DiagnosticsManager]:     label:
2016-12-18 22:59:37.045+0000 INFO  [o.n.k.i.DiagnosticsManager]:       lucene:
2016-12-18 22:59:37.045+0000 INFO  [o.n.k.i.DiagnosticsManager]:         write.lock: 2016-12-18T16:59:36-0600 - 0.00 B
2016-12-18 22:59:37.045+0000 INFO  [o.n.k.i.DiagnosticsManager]:       - Total: 2016-12-18T16:59:36-0600 - 0.00 B
2016-12-18 22:59:37.045+0000 INFO  [o.n.k.i.DiagnosticsManager]:     - Total: 2016-12-18T16:59:36-0600 - 0.00 B
2016-12-18 22:59:37.045+0000 INFO  [o.n.k.i.DiagnosticsManager]:   - Total: 2016-12-18T16:59:36-0600 - 0.00 B
2016-12-18 22:59:37.045+0000 INFO  [o.n.k.i.DiagnosticsManager]:   store_lock: 2016-12-18T16:59:36-0600 - 0.00 B
2016-12-18 22:59:37.045+0000 INFO  [o.n.k.i.DiagnosticsManager]: --- STARTED diagnostics for KernelDiagnostics:StoreFiles END ---
2016-12-18 22:59:37.100+0000 INFO  [o.n.k.EmbeddedGraphDatabase]: Database is now ready
2016-12-18 22:59:37.100+0000 INFO  [o.n.s.d.LifecycleManagingDatabase]: Successfully started database
2016-12-18 22:59:37.102+0000 INFO  [o.n.k.i.DiagnosticsManager]: --- SERVER STARTED START ---
2016-12-18 22:59:37.152+0000 INFO  [o.n.s.CommunityNeoServer]: Starting HTTP on port :7474 with 8 threads available
2016-12-18 22:59:37.294+0000 INFO  [o.n.s.CommunityNeoServer]: Enabling HTTPS on port :7473
2016-12-18 22:59:37.294+0000 INFO  [o.n.s.CommunityNeoServer]: No SSL certificate found, generating a self-signed certificate..
2016-12-18 22:59:37.639+0000 INFO  [o.n.s.w.Jetty9WebServer]: Mounting static content at [/webadmin] from [webadmin-html]
2016-12-18 22:59:37.674+0000 INFO  [o.n.s.w.Jetty9WebServer]: Mounting static content at [/browser] from [browser]
2016-12-18 22:59:38.428+0000 INFO  [o.n.s.CommunityNeoServer]: Server started on: http://localhost:7474/
2016-12-18 22:59:38.428+0000 INFO  [o.n.s.CommunityNeoServer]: Remote interface ready and available at [http://localhost:7474/]
2016-12-18 22:59:38.428+0000 INFO  [o.n.k.i.DiagnosticsManager]: --- SERVER STARTED END ---
2016-12-18 23:00:15.989+0000 WARN  [o.n.k.i.JvmChecker]: You are using an unsupported version of the Java runtime. Please use Oracle(R) Java(TM) Runtime Environment 7 or OpenJDK(TM) 7.
2016-12-18 23:00:16.016+0000 INFO  [o.n.s.CommunityNeoServer]: Setting startup timeout to: 120000ms based on 120000
2016-12-18 23:00:16.087+0000 WARN  [o.n.k.EmbeddedGraphDatabase]: You are using an unsupported version of the Java runtime. Please use Oracle(R) Java(TM) Runtime Environment 7 or OpenJDK(TM) 7.
2016-12-18 23:00:16.248+0000 INFO  [o.n.k.InternalAbstractGraphDatabase]: No locking implementation specified, defaulting to 'community'
2016-12-18 23:00:16.282+0000 INFO  [o.n.k.i.DiagnosticsManager]: --- INITIALIZED diagnostics START ---
2016-12-18 23:00:16.283+0000 INFO  [o.n.k.i.DiagnosticsManager]: Neo4j Kernel properties:
2016-12-18 23:00:16.285+0000 INFO  [o.n.k.i.DiagnosticsManager]: remote_shell_enabled=true
2016-12-18 23:00:16.285+0000 INFO  [o.n.k.i.DiagnosticsManager]: store_dir=/Users/coraline/Documents/projects/ast_visualizer/db/neo4j/development/data/graph.db
2016-12-18 23:00:16.285+0000 INFO  [o.n.k.i.DiagnosticsManager]: Diagnostics providers:
2016-12-18 23:00:16.285+0000 INFO  [o.n.k.i.DiagnosticsManager]: org.neo4j.kernel.configuration.Config
2016-12-18 23:00:16.285+0000 INFO  [o.n.k.i.DiagnosticsManager]: org.neo4j.kernel.info.DiagnosticsManager
2016-12-18 23:00:16.285+0000 INFO  [o.n.k.i.DiagnosticsManager]: SYSTEM_MEMORY
2016-12-18 23:00:16.285+0000 INFO  [o.n.k.i.DiagnosticsManager]: JAVA_MEMORY
2016-12-18 23:00:16.285+0000 INFO  [o.n.k.i.DiagnosticsManager]: OPERATING_SYSTEM
2016-12-18 23:00:16.285+0000 INFO  [o.n.k.i.DiagnosticsManager]: JAVA_VIRTUAL_MACHINE
2016-12-18 23:00:16.285+0000 INFO  [o.n.k.i.DiagnosticsManager]: CLASSPATH
2016-12-18 23:00:16.285+0000 INFO  [o.n.k.i.DiagnosticsManager]: LIBRARY_PATH
2016-12-18 23:00:16.286+0000 INFO  [o.n.k.i.DiagnosticsManager]: SYSTEM_PROPERTIES
2016-12-18 23:00:16.286+0000 INFO  [o.n.k.i.DiagnosticsManager]: NETWORK
2016-12-18 23:00:16.286+0000 INFO  [o.n.k.i.DiagnosticsManager]: System memory information:
2016-12-18 23:00:16.287+0000 INFO  [o.n.k.i.DiagnosticsManager]: Total Physical memory: 16.00 GB
2016-12-18 23:00:16.287+0000 INFO  [o.n.k.i.DiagnosticsManager]: Free Physical memory: 2.67 GB
2016-12-18 23:00:16.288+0000 INFO  [o.n.k.i.DiagnosticsManager]: Committed virtual memory: 7.84 GB
2016-12-18 23:00:16.288+0000 INFO  [o.n.k.i.DiagnosticsManager]: Total swap space: 0.00 B
2016-12-18 23:00:16.288+0000 INFO  [o.n.k.i.DiagnosticsManager]: Free swap space: 0.00 B
2016-12-18 23:00:16.289+0000 INFO  [o.n.k.i.DiagnosticsManager]: JVM memory information:
2016-12-18 23:00:16.289+0000 INFO  [o.n.k.i.DiagnosticsManager]: Free  memory: 146.64 MB
2016-12-18 23:00:16.289+0000 INFO  [o.n.k.i.DiagnosticsManager]: Total memory: 247.50 MB
2016-12-18 23:00:16.289+0000 INFO  [o.n.k.i.DiagnosticsManager]: Max   memory: 3.94 GB
2016-12-18 23:00:16.290+0000 INFO  [o.n.k.i.DiagnosticsManager]: Garbage Collector: ParNew: [Par Eden Space, Par Survivor Space]
2016-12-18 23:00:16.290+0000 INFO  [o.n.k.i.DiagnosticsManager]: Garbage Collector: ConcurrentMarkSweep: [Par Eden Space, Par Survivor Space, CMS Old Gen]
2016-12-18 23:00:16.291+0000 INFO  [o.n.k.i.DiagnosticsManager]: Memory Pool: Code Cache (Non-heap memory): committed=3.25 MB, used=3.21 MB, max=240.00 MB, threshold=0.00 B
2016-12-18 23:00:16.292+0000 INFO  [o.n.k.i.DiagnosticsManager]: Memory Pool: Metaspace (Non-heap memory): committed=13.13 MB, used=12.78 MB, max=-1.00 B, threshold=0.00 B
2016-12-18 23:00:16.292+0000 INFO  [o.n.k.i.DiagnosticsManager]: Memory Pool: Compressed Class Space (Non-heap memory): committed=1.88 MB, used=1.69 MB, max=1.00 GB, threshold=0.00 B
2016-12-18 23:00:16.292+0000 INFO  [o.n.k.i.DiagnosticsManager]: Memory Pool: Par Eden Space (Heap memory): committed=68.31 MB, used=66.28 MB, max=532.56 MB, threshold=?
2016-12-18 23:00:16.292+0000 INFO  [o.n.k.i.DiagnosticsManager]: Memory Pool: Par Survivor Space (Heap memory): committed=8.50 MB, used=8.50 MB, max=66.50 MB, threshold=?
2016-12-18 23:00:16.293+0000 INFO  [o.n.k.i.DiagnosticsManager]: Memory Pool: CMS Old Gen (Heap memory): committed=170.69 MB, used=26.08 MB, max=3.35 GB, threshold=0.00 B
2016-12-18 23:00:16.294+0000 INFO  [o.n.k.i.DiagnosticsManager]: Operating system information:
2016-12-18 23:00:16.295+0000 INFO  [o.n.k.i.DiagnosticsManager]: Operating System: Mac OS X; version: 10.12.2; arch: x86_64; cpus: 8
2016-12-18 23:00:16.295+0000 INFO  [o.n.k.i.DiagnosticsManager]: Max number of file descriptors: 10240
2016-12-18 23:00:16.296+0000 INFO  [o.n.k.i.DiagnosticsManager]: Number of open file descriptors: 80
2016-12-18 23:00:16.296+0000 INFO  [o.n.k.i.DiagnosticsManager]: Process id: 1744@antigone.local
2016-12-18 23:00:16.296+0000 INFO  [o.n.k.i.DiagnosticsManager]: Byte order: LITTLE_ENDIAN
2016-12-18 23:00:16.296+0000 INFO  [o.n.k.i.DiagnosticsManager]: Local timezone: America/Chicago
2016-12-18 23:00:16.296+0000 INFO  [o.n.k.i.DiagnosticsManager]: JVM information:
2016-12-18 23:00:16.296+0000 INFO  [o.n.k.i.DiagnosticsManager]: VM Name: Java HotSpot(TM) 64-Bit Server VM
2016-12-18 23:00:16.296+0000 INFO  [o.n.k.i.DiagnosticsManager]: VM Vendor: Oracle Corporation
2016-12-18 23:00:16.296+0000 INFO  [o.n.k.i.DiagnosticsManager]: VM Version: 25.73-b02
2016-12-18 23:00:16.297+0000 INFO  [o.n.k.i.DiagnosticsManager]: JIT compiler: HotSpot 64-Bit Tiered Compilers
2016-12-18 23:00:16.297+0000 INFO  [o.n.k.i.DiagnosticsManager]: VM Arguments: [-XX:+DisableExplicitGC, -Dorg.neo4j.server.properties=conf/neo4j-server.properties, -Djava.util.logging.config.file=conf/logging.properties, -Dlog4j.configuration=file:conf/log4j.properties, -XX:+UseConcMarkSweepGC, -XX:+CMSClassUnloadingEnabled, -XX:-OmitStackTraceInFastThrow, -XX:hashCode=5, -Dneo4j.ext.udc.source=tarball, -Dneo4j.home=/Users/coraline/Documents/projects/ast_visualizer/db/neo4j/development, -Dneo4j.instance=/Users/coraline/Documents/projects/ast_visualizer/db/neo4j/development, -Dfile.encoding=UTF-8]
2016-12-18 23:00:16.297+0000 INFO  [o.n.k.i.DiagnosticsManager]: Java classpath:
2016-12-18 23:00:16.299+0000 INFO  [o.n.k.i.DiagnosticsManager]:  [classpath + loader.0] file:/Users/coraline/Documents/projects/ast_visualizer/db/neo4j/development/system/lib/jetty-security-9.2.4.v20141103.jar
2016-12-18 23:00:16.299+0000 INFO  [o.n.k.i.DiagnosticsManager]:  [classpath + loader.0] file:/Users/coraline/Documents/projects/ast_visualizer/db/neo4j/development/system/lib/jetty-xml-9.2.4.v20141103.jar
2016-12-18 23:00:16.299+0000 INFO  [o.n.k.i.DiagnosticsManager]:  [classpath + loader.0] file:/Users/coraline/Documents/projects/ast_visualizer/db/neo4j/development/system/lib/bcprov-jdk16-140.jar
2016-12-18 23:00:16.299+0000 INFO  [o.n.k.i.DiagnosticsManager]:  [classpath + loader.0] file:/Users/coraline/Documents/projects/ast_visualizer/db/neo4j/development/system/lib/jetty-io-9.2.4.v20141103.jar
2016-12-18 23:00:16.299+0000 INFO  [o.n.k.i.DiagnosticsManager]:  [loader.1] file:/Library/Internet%20Plug-Ins/JavaAppletPlugin.plugin/Contents/Home/lib/ext/jfxrt.jar
2016-12-18 23:00:16.299+0000 INFO  [o.n.k.i.DiagnosticsManager]:  [loader.1] file:/Library/Internet%20Plug-Ins/JavaAppletPlugin.plugin/Contents/Home/lib/ext/zipfs.jar
2016-12-18 23:00:16.299+0000 INFO  [o.n.k.i.DiagnosticsManager]:  [classpath + loader.0] file:/Users/coraline/Documents/projects/ast_visualizer/db/neo4j/development/lib/org.apache.servicemix.bundles.jline-0.9.94_1.jar
2016-12-18 23:00:16.299+0000 INFO  [o.n.k.i.DiagnosticsManager]:  [classpath + loader.0] file:/Users/coraline/Documents/projects/ast_visualizer/db/neo4j/development/lib/server-api-2.2.2.jar
2016-12-18 23:00:16.299+0000 INFO  [o.n.k.i.DiagnosticsManager]:  [loader.1] file:/Library/Internet%20Plug-Ins/JavaAppletPlugin.plugin/Contents/Home/lib/ext/cldrdata.jar
2016-12-18 23:00:16.299+0000 INFO  [o.n.k.i.DiagnosticsManager]:  [classpath + loader.0] file:/Users/coraline/Documents/projects/ast_visualizer/db/neo4j/development/lib/parboiled-core-1.1.7.jar
2016-12-18 23:00:16.299+0000 INFO  [o.n.k.i.DiagnosticsManager]:  [classpath + loader.0] file:/Users/coraline/Documents/projects/ast_visualizer/db/neo4j/development/lib/parboiled-scala_2.10-1.1.7.jar
2016-12-18 23:00:16.299+0000 INFO  [o.n.k.i.DiagnosticsManager]:  [classpath + loader.0] file:/Users/coraline/Documents/projects/ast_visualizer/db/neo4j/development/system/lib/slf4j-api-1.7.7.jar
2016-12-18 23:00:16.299+0000 INFO  [o.n.k.i.DiagnosticsManager]:  [bootstrap] /Library/Internet Plug-Ins/JavaAppletPlugin.plugin/Contents/Home/lib/resources.jar
2016-12-18 23:00:16.299+0000 INFO  [o.n.k.i.DiagnosticsManager]:  [classpath + loader.0] file:/Users/coraline/Documents/projects/ast_visualizer/db/neo4j/development/system/lib/commons-lang-2.6.jar
2016-12-18 23:00:16.299+0000 INFO  [o.n.k.i.DiagnosticsManager]:  [classpath + loader.0] file:/Users/coraline/Documents/projects/ast_visualizer/db/neo4j/development/system/lib/mimepull-1.9.3.jar
2016-12-18 23:00:16.299+0000 INFO  [o.n.k.i.DiagnosticsManager]:  [classpath + loader.0] file:/Users/coraline/Documents/projects/ast_visualizer/db/neo4j/development/system/lib/commons-logging-1.1.1.jar
2016-12-18 23:00:16.299+0000 INFO  [o.n.k.i.DiagnosticsManager]:  [classpath + loader.0] file:/Users/coraline/Documents/projects/ast_visualizer/db/neo4j/development/lib/neo4j-lucene-index-2.2.2.jar
2016-12-18 23:00:16.299+0000 INFO  [o.n.k.i.DiagnosticsManager]:  [loader.1] file:/Library/Internet%20Plug-Ins/JavaAppletPlugin.plugin/Contents/Home/lib/ext/sunjce_provider.jar
2016-12-18 23:00:16.299+0000 INFO  [o.n.k.i.DiagnosticsManager]:  [loader.1] file:/Library/Internet%20Plug-Ins/JavaAppletPlugin.plugin/Contents/Home/lib/ext/localedata.jar
2016-12-18 23:00:16.299+0000 INFO  [o.n.k.i.DiagnosticsManager]:  [classpath + loader.0] file:/Users/coraline/Documents/projects/ast_visualizer/db/neo4j/development/lib/neo4j-shell-2.2.2.jar
2016-12-18 23:00:16.299+0000 INFO  [o.n.k.i.DiagnosticsManager]:  [classpath + loader.0] file:/Users/coraline/Documents/projects/ast_visualizer/db/neo4j/development/system/lib/jackson-mapper-asl-1.9.13.jar
2016-12-18 23:00:16.299+0000 INFO  [o.n.k.i.DiagnosticsManager]:  [loader.1] file:/Library/Internet%20Plug-Ins/JavaAppletPlugin.plugin/Contents/Home/lib/ext/sunec.jar
2016-12-18 23:00:16.299+0000 INFO  [o.n.k.i.DiagnosticsManager]:  [classpath + loader.0] file:/Users/coraline/Documents/projects/ast_visualizer/db/neo4j/development/system/lib/janino-2.6.1.jar
2016-12-18 23:00:16.299+0000 INFO  [o.n.k.i.DiagnosticsManager]:  [classpath + loader.0] file:/Users/coraline/Documents/projects/ast_visualizer/db/neo4j/development/system/lib/jersey-servlet-1.18.1.jar
2016-12-18 23:00:16.299+0000 INFO  [o.n.k.i.DiagnosticsManager]:  [loader.1] file:/Library/Internet%20Plug-Ins/JavaAppletPlugin.plugin/Contents/Home/lib/ext/dnsns.jar
2016-12-18 23:00:16.299+0000 INFO  [o.n.k.i.DiagnosticsManager]:  [classpath + loader.0] file:/Users/coraline/Documents/projects/ast_visualizer/db/neo4j/development/system/lib/commons-beanutils-1.8.3.jar
2016-12-18 23:00:16.299+0000 INFO  [o.n.k.i.DiagnosticsManager]:  [bootstrap] /Library/Internet Plug-Ins/JavaAppletPlugin.plugin/Contents/Home/lib/sunrsasign.jar
2016-12-18 23:00:16.299+0000 INFO  [o.n.k.i.DiagnosticsManager]:  [classpath + loader.0] file:/Users/coraline/Documents/projects/ast_visualizer/db/neo4j/development/lib/neo4j-import-tool-2.2.2.jar
2016-12-18 23:00:16.299+0000 INFO  [o.n.k.i.DiagnosticsManager]:  [classpath + loader.0] file:/Users/coraline/Documents/projects/ast_visualizer/db/neo4j/development/system/lib/jsr311-api-1.1.2.r612.jar
2016-12-18 23:00:16.299+0000 INFO  [o.n.k.i.DiagnosticsManager]:  [classpath + loader.0] file:/Users/coraline/Documents/projects/ast_visualizer/db/neo4j/development/lib/neo4j-graph-algo-2.2.2.jar
2016-12-18 23:00:16.299+0000 INFO  [o.n.k.i.DiagnosticsManager]:  [classpath + loader.0] file:/Users/coraline/Documents/projects/ast_visualizer/db/neo4j/development/lib/neo4j-kernel-2.2.2.jar
2016-12-18 23:00:16.299+0000 INFO  [o.n.k.i.DiagnosticsManager]:  [classpath + loader.0] file:/Users/coraline/Documents/projects/ast_visualizer/db/neo4j/development/lib/neo4j-cypher-compiler-1.9-2.0.4.jar
2016-12-18 23:00:16.299+0000 INFO  [o.n.k.i.DiagnosticsManager]:  [bootstrap] /Library/Internet Plug-Ins/JavaAppletPlugin.plugin/Contents/Home/lib/jfr.jar
2016-12-18 23:00:16.300+0000 INFO  [o.n.k.i.DiagnosticsManager]:  [classpath + loader.0] file:/Users/coraline/Documents/projects/ast_visualizer/db/neo4j/development/system/lib/logback-classic-1.1.2.jar
2016-12-18 23:00:16.300+0000 INFO  [o.n.k.i.DiagnosticsManager]:  [classpath + loader.0] file:/Users/coraline/Documents/projects/ast_visualizer/db/neo4j/development/system/lib/jackson-jaxrs-1.9.13.jar
2016-12-18 23:00:16.300+0000 INFO  [o.n.k.i.DiagnosticsManager]:  [classpath + loader.0] file:/Users/coraline/Documents/projects/ast_visualizer/db/neo4j/development/system/lib/jetty-webapp-9.2.4.v20141103.jar
2016-12-18 23:00:16.300+0000 INFO  [o.n.k.i.DiagnosticsManager]:  [classpath + loader.0] file:/Users/coraline/Documents/projects/ast_visualizer/db/neo4j/development/system/lib/logback-core-1.1.2.jar
2016-12-18 23:00:16.300+0000 INFO  [o.n.k.i.DiagnosticsManager]:  [classpath + loader.0] file:/Users/coraline/Documents/projects/ast_visualizer/db/neo4j/development/lib/neo4j-cypher-2.2.2.jar
2016-12-18 23:00:16.300+0000 INFO  [o.n.k.i.DiagnosticsManager]:  [loader.1] file:/System/Library/Java/Extensions/MRJToolkit.jar
2016-12-18 23:00:16.300+0000 INFO  [o.n.k.i.DiagnosticsManager]:  [bootstrap] /Library/Internet Plug-Ins/JavaAppletPlugin.plugin/Contents/Home/lib/jsse.jar
2016-12-18 23:00:16.300+0000 INFO  [o.n.k.i.DiagnosticsManager]:  [classpath + loader.0] file:/Users/coraline/Documents/projects/ast_visualizer/db/neo4j/development/system/lib/logback-access-1.1.2.jar
2016-12-18 23:00:16.300+0000 INFO  [o.n.k.i.DiagnosticsManager]:  [loader.1] file:/Library/Internet%20Plug-Ins/JavaAppletPlugin.plugin/Contents/Home/lib/ext/jaccess.jar
2016-12-18 23:00:16.300+0000 INFO  [o.n.k.i.DiagnosticsManager]:  [classpath + loader.0] file:/Users/coraline/Documents/projects/ast_visualizer/db/neo4j/development/system/lib/jetty-servlet-9.2.4.v20141103.jar
2016-12-18 23:00:16.300+0000 INFO  [o.n.k.i.DiagnosticsManager]:  [bootstrap] /Library/Internet Plug-Ins/JavaAppletPlugin.plugin/Contents/Home/lib/charsets.jar
2016-12-18 23:00:16.300+0000 INFO  [o.n.k.i.DiagnosticsManager]:  [classpath + loader.0] file:/Users/coraline/Documents/projects/ast_visualizer/db/neo4j/development/system/lib/jetty-util-9.2.4.v20141103.jar
2016-12-18 23:00:16.300+0000 INFO  [o.n.k.i.DiagnosticsManager]:  [classpath + loader.0] file:/Users/coraline/Documents/projects/ast_visualizer/db/neo4j/development/lib/neo4j-graph-matching-2.2.2.jar
2016-12-18 23:00:16.300+0000 INFO  [o.n.k.i.DiagnosticsManager]:  [classpath + loader.0] file:/Users/coraline/Documents/projects/ast_visualizer/db/neo4j/development/conf/
2016-12-18 23:00:16.300+0000 INFO  [o.n.k.i.DiagnosticsManager]:  [classpath + loader.0] file:/Users/coraline/Documents/projects/ast_visualizer/db/neo4j/development/system/lib/jackson-core-asl-1.9.13.jar
2016-12-18 23:00:16.300+0000 INFO  [o.n.k.i.DiagnosticsManager]:  [classpath + loader.0] file:/Users/coraline/Documents/projects/ast_visualizer/db/neo4j/development/lib/opencsv-2.3.jar
2016-12-18 23:00:16.300+0000 INFO  [o.n.k.i.DiagnosticsManager]:  [classpath + loader.0] file:/Users/coraline/Documents/projects/ast_visualizer/db/neo4j/development/system/lib/commons-configuration-1.10.jar
2016-12-18 23:00:16.300+0000 INFO  [o.n.k.i.DiagnosticsManager]:  [classpath + loader.0] file:/Users/coraline/Documents/projects/ast_visualizer/db/neo4j/development/system/lib/neo4j-browser-2.2.2.jar
2016-12-18 23:00:16.300+0000 INFO  [o.n.k.i.DiagnosticsManager]:  [loader.1] file:/Library/Internet%20Plug-Ins/JavaAppletPlugin.plugin/Contents/Home/lib/ext/sunpkcs11.jar
2016-12-18 23:00:16.300+0000 INFO  [o.n.k.i.DiagnosticsManager]:  [bootstrap] /Library/Internet Plug-Ins/JavaAppletPlugin.plugin/Contents/Home/classes
2016-12-18 23:00:16.300+0000 INFO  [o.n.k.i.DiagnosticsManager]:  [classpath + loader.0] file:/Users/coraline/Documents/projects/ast_visualizer/db/neo4j/development/system/lib/commons-compiler-2.6.1.jar
2016-12-18 23:00:16.300+0000 INFO  [o.n.k.i.DiagnosticsManager]:  [classpath + loader.0] file:/Users/coraline/Documents/projects/ast_visualizer/db/neo4j/development/lib/scala-library-2.10.5.jar
2016-12-18 23:00:16.300+0000 INFO  [o.n.k.i.DiagnosticsManager]:  [loader.1] file:/Library/Internet%20Plug-Ins/JavaAppletPlugin.plugin/Contents/Home/lib/ext/nashorn.jar
2016-12-18 23:00:16.300+0000 INFO  [o.n.k.i.DiagnosticsManager]:  [classpath + loader.0] file:/Users/coraline/Documents/projects/ast_visualizer/db/neo4j/development/system/lib/jersey-server-1.18.1.jar
2016-12-18 23:00:16.300+0000 INFO  [o.n.k.i.DiagnosticsManager]:  [classpath + loader.0] file:/Users/coraline/Documents/projects/ast_visualizer/db/neo4j/development/system/lib/scala-reflect-2.10.5.jar
2016-12-18 23:00:16.300+0000 INFO  [o.n.k.i.DiagnosticsManager]:  [classpath + loader.0] file:/Users/coraline/Documents/projects/ast_visualizer/db/neo4j/development/system/lib/jersey-multipart-1.18.1.jar
2016-12-18 23:00:16.300+0000 INFO  [o.n.k.i.DiagnosticsManager]:  [bootstrap] /Library/Internet Plug-Ins/JavaAppletPlugin.plugin/Contents/Home/lib/rt.jar
2016-12-18 23:00:16.300+0000 INFO  [o.n.k.i.DiagnosticsManager]:  [classpath + loader.0] file:/Users/coraline/Documents/projects/ast_visualizer/db/neo4j/development/system/lib/jersey-core-1.18.1.jar
2016-12-18 23:00:16.300+0000 INFO  [o.n.k.i.DiagnosticsManager]:  [classpath + loader.0] file:/Users/coraline/Documents/projects/ast_visualizer/db/neo4j/development/system/lib/rhino-1.7R4.jar
2016-12-18 23:00:16.300+0000 INFO  [o.n.k.i.DiagnosticsManager]:  [classpath + loader.0] file:/Users/coraline/Documents/projects/ast_visualizer/db/neo4j/development/system/lib/jetty-http-9.2.4.v20141103.jar
2016-12-18 23:00:16.300+0000 INFO  [o.n.k.i.DiagnosticsManager]:  [bootstrap] /Library/Internet Plug-Ins/JavaAppletPlugin.plugin/Contents/Home/lib/jce.jar
2016-12-18 23:00:16.301+0000 INFO  [o.n.k.i.DiagnosticsManager]:  [classpath + loader.0] file:/Users/coraline/Documents/projects/ast_visualizer/db/neo4j/development/system/lib/neo4j-server-2.2.2.jar
2016-12-18 23:00:16.301+0000 INFO  [o.n.k.i.DiagnosticsManager]:  [classpath + loader.0] file:/Users/coraline/Documents/projects/ast_visualizer/db/neo4j/development/lib/neo4j-primitive-collections-2.2.2.jar
2016-12-18 23:00:16.301+0000 INFO  [o.n.k.i.DiagnosticsManager]:  [classpath + loader.0] file:/Users/coraline/Documents/projects/ast_visualizer/db/neo4j/development/system/lib/rrd4j-2.2.jar
2016-12-18 23:00:16.301+0000 INFO  [o.n.k.i.DiagnosticsManager]:  [classpath + loader.0] file:/Users/coraline/Documents/projects/ast_visualizer/db/neo4j/development/lib/lucene-core-3.6.2.jar
2016-12-18 23:00:16.301+0000 INFO  [o.n.k.i.DiagnosticsManager]:  [classpath + loader.0] file:/Users/coraline/Documents/projects/ast_visualizer/db/neo4j/development/system/lib/commons-digester-2.1.jar
2016-12-18 23:00:16.301+0000 INFO  [o.n.k.i.DiagnosticsManager]:  [classpath + loader.0] file:/Users/coraline/Documents/projects/ast_visualizer/db/neo4j/development/lib/neo4j-cypher-compiler-2.2-2.2.2.jar
2016-12-18 23:00:16.301+0000 INFO  [o.n.k.i.DiagnosticsManager]:  [classpath + loader.0] file:/Users/coraline/Documents/projects/ast_visualizer/db/neo4j/development/system/lib/jcl-over-slf4j-1.7.7.jar
2016-12-18 23:00:16.301+0000 INFO  [o.n.k.i.DiagnosticsManager]:  [classpath + loader.0] file:/Users/coraline/Documents/projects/ast_visualizer/db/neo4j/development/system/lib/javax.servlet-api-3.1.0.jar
2016-12-18 23:00:16.301+0000 INFO  [o.n.k.i.DiagnosticsManager]:  [classpath + loader.0] file:/Users/coraline/Documents/projects/ast_visualizer/db/neo4j/development/system/lib/neo4j-server-2.2.2-static-web.jar
2016-12-18 23:00:16.301+0000 INFO  [o.n.k.i.DiagnosticsManager]:  [classpath + loader.0] file:/Users/coraline/Documents/projects/ast_visualizer/db/neo4j/development/lib/neo4j-consistency-check-2.2.2.jar
2016-12-18 23:00:16.301+0000 INFO  [o.n.k.i.DiagnosticsManager]:  [classpath + loader.0] file:/Users/coraline/Documents/projects/ast_visualizer/db/neo4j/development/lib/neo4j-cypher-compiler-2.1-2.1.8.jar
2016-12-18 23:00:16.301+0000 INFO  [o.n.k.i.DiagnosticsManager]:  [classpath + loader.0] file:/Users/coraline/Documents/projects/ast_visualizer/db/neo4j/development/lib/neo4j-io-2.2.2.jar
2016-12-18 23:00:16.301+0000 INFO  [o.n.k.i.DiagnosticsManager]:  [classpath + loader.0] file:/Users/coraline/Documents/projects/ast_visualizer/db/neo4j/development/system/lib/jetty-server-9.2.4.v20141103.jar
2016-12-18 23:00:16.301+0000 INFO  [o.n.k.i.DiagnosticsManager]:  [classpath + loader.0] file:/Users/coraline/Documents/projects/ast_visualizer/db/neo4j/development/lib/neo4j-cypher-compiler-2.0-2.0.4.jar
2016-12-18 23:00:16.301+0000 INFO  [o.n.k.i.DiagnosticsManager]:  [classpath + loader.0] file:/Users/coraline/Documents/projects/ast_visualizer/db/neo4j/development/lib/concurrentlinkedhashmap-lru-1.4.jar
2016-12-18 23:00:16.301+0000 INFO  [o.n.k.i.DiagnosticsManager]:  [classpath + loader.0] file:/Users/coraline/Documents/projects/ast_visualizer/db/neo4j/development/lib/neo4j-jmx-2.2.2.jar
2016-12-18 23:00:16.301+0000 INFO  [o.n.k.i.DiagnosticsManager]:  [classpath + loader.0] file:/Users/coraline/Documents/projects/ast_visualizer/db/neo4j/development/lib/neo4j-udc-2.2.2.jar
2016-12-18 23:00:16.301+0000 INFO  [o.n.k.i.DiagnosticsManager]:  [classpath + loader.0] file:/Users/coraline/Documents/projects/ast_visualizer/db/neo4j/development/lib/neo4j-unsafe-2.2.2.jar
2016-12-18 23:00:16.301+0000 INFO  [o.n.k.i.DiagnosticsManager]:  [classpath + loader.0] file:/Users/coraline/Documents/projects/ast_visualizer/db/neo4j/development/lib/neo4j-csv-2.2.2.jar
2016-12-18 23:00:16.301+0000 INFO  [o.n.k.i.DiagnosticsManager]:  [classpath + loader.0] file:/Users/coraline/Documents/projects/ast_visualizer/db/neo4j/development/system/lib/commons-io-2.4.jar
2016-12-18 23:00:16.301+0000 INFO  [o.n.k.i.DiagnosticsManager]: Library path:
2016-12-18 23:00:16.302+0000 INFO  [o.n.k.i.DiagnosticsManager]: /Users/coraline/Library/Java/Extensions
2016-12-18 23:00:16.302+0000 INFO  [o.n.k.i.DiagnosticsManager]: /Library/Java/Extensions
2016-12-18 23:00:16.302+0000 INFO  [o.n.k.i.DiagnosticsManager]: /Network/Library/Java/Extensions
2016-12-18 23:00:16.302+0000 INFO  [o.n.k.i.DiagnosticsManager]: /System/Library/Java/Extensions
2016-12-18 23:00:16.302+0000 INFO  [o.n.k.i.DiagnosticsManager]: /usr/lib/java
2016-12-18 23:00:16.302+0000 INFO  [o.n.k.i.DiagnosticsManager]: /Users/coraline/Documents/projects/ast_visualizer/db/neo4j/development
2016-12-18 23:00:16.302+0000 INFO  [o.n.k.i.DiagnosticsManager]: System.properties:
2016-12-18 23:00:16.302+0000 INFO  [o.n.k.i.DiagnosticsManager]: sun.boot.library.path = /Library/Internet Plug-Ins/JavaAppletPlugin.plugin/Contents/Home/lib
2016-12-18 23:00:16.302+0000 INFO  [o.n.k.i.DiagnosticsManager]: org.neo4j.server.properties = conf/neo4j-server.properties
2016-12-18 23:00:16.302+0000 INFO  [o.n.k.i.DiagnosticsManager]: gopherProxySet = false
2016-12-18 23:00:16.302+0000 INFO  [o.n.k.i.DiagnosticsManager]: path.separator = :
2016-12-18 23:00:16.302+0000 INFO  [o.n.k.i.DiagnosticsManager]: file.encoding.pkg = sun.io
2016-12-18 23:00:16.302+0000 INFO  [o.n.k.i.DiagnosticsManager]: user.country = US
2016-12-18 23:00:16.302+0000 INFO  [o.n.k.i.DiagnosticsManager]: sun.java.launcher = SUN_STANDARD
2016-12-18 23:00:16.302+0000 INFO  [o.n.k.i.DiagnosticsManager]: sun.os.patch.level = unknown
2016-12-18 23:00:16.302+0000 INFO  [o.n.k.i.DiagnosticsManager]: user.dir = /Users/coraline/Documents/projects/ast_visualizer/db/neo4j/development
2016-12-18 23:00:16.302+0000 INFO  [o.n.k.i.DiagnosticsManager]: neo4j.ext.udc.source = tarball
2016-12-18 23:00:16.302+0000 INFO  [o.n.k.i.DiagnosticsManager]: log4j.configuration = file:conf/log4j.properties
2016-12-18 23:00:16.302+0000 INFO  [o.n.k.i.DiagnosticsManager]: sun.jnu.encoding = UTF-8
2016-12-18 23:00:16.302+0000 INFO  [o.n.k.i.DiagnosticsManager]: sun.management.compiler = HotSpot 64-Bit Tiered Compilers
2016-12-18 23:00:16.302+0000 INFO  [o.n.k.i.DiagnosticsManager]: http.nonProxyHosts = local|*.local|169.254/16|*.169.254/16
2016-12-18 23:00:16.302+0000 INFO  [o.n.k.i.DiagnosticsManager]: user.home = /Users/coraline
2016-12-18 23:00:16.302+0000 INFO  [o.n.k.i.DiagnosticsManager]: user.timezone = America/Chicago
2016-12-18 23:00:16.302+0000 INFO  [o.n.k.i.DiagnosticsManager]: file.encoding = UTF-8
2016-12-18 23:00:16.302+0000 INFO  [o.n.k.i.DiagnosticsManager]: user.name = coraline
2016-12-18 23:00:16.302+0000 INFO  [o.n.k.i.DiagnosticsManager]: sun.java.command = org.neo4j.server.Bootstrapper
2016-12-18 23:00:16.303+0000 INFO  [o.n.k.i.DiagnosticsManager]: sun.arch.data.model = 64
2016-12-18 23:00:16.303+0000 INFO  [o.n.k.i.DiagnosticsManager]: user.language = en
2016-12-18 23:00:16.303+0000 INFO  [o.n.k.i.DiagnosticsManager]: awt.toolkit = sun.lwawt.macosx.LWCToolkit
2016-12-18 23:00:16.303+0000 INFO  [o.n.k.i.DiagnosticsManager]: file.separator = /
2016-12-18 23:00:16.303+0000 INFO  [o.n.k.i.DiagnosticsManager]: sun.io.unicode.encoding = UnicodeBig
2016-12-18 23:00:16.303+0000 INFO  [o.n.k.i.DiagnosticsManager]: sun.cpu.endian = little
2016-12-18 23:00:16.303+0000 INFO  [o.n.k.i.DiagnosticsManager]: socksNonProxyHosts = local|*.local|169.254/16|*.169.254/16
2016-12-18 23:00:16.303+0000 INFO  [o.n.k.i.DiagnosticsManager]: neo4j.instance = /Users/coraline/Documents/projects/ast_visualizer/db/neo4j/development
2016-12-18 23:00:16.303+0000 INFO  [o.n.k.i.DiagnosticsManager]: ftp.nonProxyHosts = local|*.local|169.254/16|*.169.254/16
2016-12-18 23:00:16.303+0000 INFO  [o.n.k.i.DiagnosticsManager]: neo4j.home = /Users/coraline/Documents/projects/ast_visualizer/db/neo4j/development
2016-12-18 23:00:16.303+0000 INFO  [o.n.k.i.DiagnosticsManager]: sun.cpu.isalist = 
2016-12-18 23:00:16.303+0000 INFO  [o.n.k.i.DiagnosticsManager]: Network information:
2016-12-18 23:00:16.306+0000 INFO  [o.n.k.i.DiagnosticsManager]: Interface utun1:
2016-12-18 23:00:16.306+0000 INFO  [o.n.k.i.DiagnosticsManager]:     address: fd5b:bf3f:4b23:fdef:95cb:ff81:951:e7da
2016-12-18 23:00:16.306+0000 INFO  [o.n.k.i.DiagnosticsManager]:     address: fe80:0:0:0:95cb:ff81:951:e7da%utun1
2016-12-18 23:00:16.306+0000 INFO  [o.n.k.i.DiagnosticsManager]: Interface utun0:
2016-12-18 23:00:16.306+0000 INFO  [o.n.k.i.DiagnosticsManager]:     address: fe80:0:0:0:a3c:29ea:934:25f3%utun0
2016-12-18 23:00:16.306+0000 INFO  [o.n.k.i.DiagnosticsManager]: Interface awdl0:
2016-12-18 23:00:16.307+0000 INFO  [o.n.k.i.DiagnosticsManager]:     address: fe80:0:0:0:5828:fcff:fec9:dafa%awdl0
2016-12-18 23:00:16.307+0000 INFO  [o.n.k.i.DiagnosticsManager]: Interface en0:
2016-12-18 23:00:16.307+0000 INFO  [o.n.k.i.DiagnosticsManager]:     address: 2601:243:300:2210:448e:809f:12a2:b00b
2016-12-18 23:00:16.307+0000 INFO  [o.n.k.i.DiagnosticsManager]:     address: 2601:243:300:2210:80d:8e1b:f24e:bc42
2016-12-18 23:00:16.307+0000 INFO  [o.n.k.i.DiagnosticsManager]:     address: fe80:0:0:0:470:96fa:794e:545a%en0
2016-12-18 23:00:16.307+0000 INFO  [o.n.k.i.DiagnosticsManager]:     address: 192.168.0.5
2016-12-18 23:00:16.307+0000 INFO  [o.n.k.i.DiagnosticsManager]: Interface lo0:
2016-12-18 23:00:16.307+0000 INFO  [o.n.k.i.DiagnosticsManager]:     address: fe80:0:0:0:0:0:0:1%lo0
2016-12-18 23:00:16.307+0000 INFO  [o.n.k.i.DiagnosticsManager]:     address: 0:0:0:0:0:0:0:1
2016-12-18 23:00:16.307+0000 INFO  [o.n.k.i.DiagnosticsManager]:     address: 127.0.0.1
2016-12-18 23:00:16.307+0000 INFO  [o.n.k.i.DiagnosticsManager]: --- INITIALIZED diagnostics END ---
2016-12-18 23:00:16.570+0000 INFO  [o.n.k.a.i.i.LuceneLabelScanStore]: No lucene scan store index found, this might just be first use. Preparing to rebuild.
2016-12-18 23:00:16.632+0000 INFO  [o.n.k.a.i.i.LuceneLabelScanStore]: Rebuilding lucene scan store, this may take a while
2016-12-18 23:00:16.633+0000 INFO  [o.n.k.a.i.i.LuceneLabelScanStore]: Lucene scan store rebuilt (roughly -1 nodes)
2016-12-18 23:00:16.637+0000 INFO  [o.n.k.KernelHealth]: Kernel health set to OK
2016-12-18 23:00:16.949+0000 INFO  [o.n.k.i.DiagnosticsManager]: --- STARTED diagnostics for KernelDiagnostics:Versions START ---
2016-12-18 23:00:16.949+0000 INFO  [o.n.k.i.DiagnosticsManager]: Graph Database: org.neo4j.kernel.EmbeddedGraphDatabase StoreId{creationTime=1482101976175, randomId=6562172998689120351, storeVersion=14969031248344582, upgradeTime=1482101976175, upgradeId=1}
2016-12-18 23:00:16.949+0000 INFO  [o.n.k.i.DiagnosticsManager]: Kernel version: Neo4j - Graph Database Kernel (neo4j-kernel), version: 2.2.2
2016-12-18 23:00:16.949+0000 INFO  [o.n.k.i.DiagnosticsManager]: Neo4j component versions:
2016-12-18 23:00:16.952+0000 INFO  [o.n.k.i.DiagnosticsManager]:   Neo4j - Cypher Compiler 1.9 (neo4j-cypher-compiler-1.9), version: 2.0.4; revision: 2.0.4:2.0-maint:130/4a7d10bc274a5d26a180bbe9df25100e8a694748
2016-12-18 23:00:16.952+0000 INFO  [o.n.k.i.DiagnosticsManager]:   Neo4j - Consistency Checker (neo4j-consistency-check), version: 2.2.2; revision: 2.2.2:2.2:973/0ee8628da67da8c582a299d6aa109768be6886d7
2016-12-18 23:00:16.952+0000 INFO  [o.n.k.i.DiagnosticsManager]:   Neo4j - Cypher Compiler 2.2 (neo4j-cypher-compiler-2.2), version: 2.2.2; revision: 2.2.2:2.2:973/0ee8628da67da8c582a299d6aa109768be6886d7
2016-12-18 23:00:16.952+0000 INFO  [o.n.k.i.DiagnosticsManager]:   Neo4j - Import Command Line Tool (neo4j-import-tool), version: 2.2.2; revision: 2.2.2:2.2:973/0ee8628da67da8c582a299d6aa109768be6886d7
2016-12-18 23:00:16.952+0000 INFO  [o.n.k.i.DiagnosticsManager]:   Neo4j - Server API (server-api), version: 2.2.2; revision: 2.2.2:2.2:973/0ee8628da67da8c582a299d6aa109768be6886d7
2016-12-18 23:00:16.952+0000 INFO  [o.n.k.i.DiagnosticsManager]:   Neo4j - Graph Database Kernel (neo4j-kernel), version: 2.2.2; revision: 2.2.2:2.2:973/0ee8628da67da8c582a299d6aa109768be6886d7
2016-12-18 23:00:16.953+0000 INFO  [o.n.k.i.DiagnosticsManager]:   Neo4j - Cypher Compiler 2.1 (neo4j-cypher-compiler-2.1), version: 2.1.8; revision: 2.1.8:2.1-maint:687/5c83ce3a5ddf33259593f719153ce71a6fe89fc7
2016-12-18 23:00:16.953+0000 INFO  [o.n.k.i.DiagnosticsManager]:   Neo4j - Generic shell (neo4j-shell), version: 2.2.2; revision: 2.2.2:2.2:973/0ee8628da67da8c582a299d6aa109768be6886d7
2016-12-18 23:00:16.953+0000 INFO  [o.n.k.i.DiagnosticsManager]:   neo4j-udc, version: 2.2.2; revision: 2.2.2:2.2:973/0ee8628da67da8c582a299d6aa109768be6886d7
2016-12-18 23:00:16.953+0000 INFO  [o.n.k.i.DiagnosticsManager]:   Neo4j - Lucene Index (neo4j-lucene-index), version: 2.2.2; revision: 2.2.2:2.2:973/0ee8628da67da8c582a299d6aa109768be6886d7
2016-12-18 23:00:16.953+0000 INFO  [o.n.k.i.DiagnosticsManager]:   Neo4j - Server (neo4j-server), version: 2.2.2; revision: 2.2.2:2.2:973/0ee8628da67da8c582a299d6aa109768be6886d7
2016-12-18 23:00:16.953+0000 INFO  [o.n.k.i.DiagnosticsManager]:   Neo4j - Cypher Compiler 2.0 (neo4j-cypher-compiler-2.0), version: 2.0.4; revision: 2.0.4:2.0-maint:130/4a7d10bc274a5d26a180bbe9df25100e8a694748
2016-12-18 23:00:16.953+0000 INFO  [o.n.k.i.DiagnosticsManager]:   Neo4j - Graph Matching (neo4j-graph-matching), version: 2.2.2; revision: 2.2.2:2.2:973/0ee8628da67da8c582a299d6aa109768be6886d7
2016-12-18 23:00:16.953+0000 INFO  [o.n.k.i.DiagnosticsManager]:   Neo4j - JMX support (neo4j-jmx), version: 2.2.2; revision: 2.2.2:2.2:973/0ee8628da67da8c582a299d6aa109768be6886d7
2016-12-18 23:00:16.953+0000 INFO  [o.n.k.i.DiagnosticsManager]:   Neo4j - Cypher (neo4j-cypher), version: 2.2.2; revision: 2.2.2:2.2:973/0ee8628da67da8c582a299d6aa109768be6886d7
2016-12-18 23:00:16.953+0000 INFO  [o.n.k.i.DiagnosticsManager]:   Neo4j - Graph Algorithms (neo4j-graph-algo), version: 2.2.2; revision: 2.2.2:2.2:973/0ee8628da67da8c582a299d6aa109768be6886d7
2016-12-18 23:00:16.953+0000 INFO  [o.n.k.i.DiagnosticsManager]: --- STARTED diagnostics for KernelDiagnostics:Versions END ---
2016-12-18 23:00:16.954+0000 INFO  [o.n.k.i.DiagnosticsManager]: --- STARTED diagnostics for NEO_STORE_VERSIONS START ---
2016-12-18 23:00:16.954+0000 INFO  [o.n.k.i.DiagnosticsManager]: Store versions:
2016-12-18 23:00:16.954+0000 INFO  [o.n.k.i.DiagnosticsManager]: Store versions:
2016-12-18 23:00:16.954+0000 INFO  [o.n.k.i.DiagnosticsManager]:   NeoStore v0.A.5
2016-12-18 23:00:16.954+0000 INFO  [o.n.k.i.DiagnosticsManager]:   SchemaStore v0.A.5
2016-12-18 23:00:16.954+0000 INFO  [o.n.k.i.DiagnosticsManager]:   NodeStore v0.A.5
2016-12-18 23:00:16.954+0000 INFO  [o.n.k.i.DiagnosticsManager]:   RelationshipStore v0.A.5
2016-12-18 23:00:16.954+0000 INFO  [o.n.k.i.DiagnosticsManager]:   RelationshipTypeStore v0.A.5
2016-12-18 23:00:16.954+0000 INFO  [o.n.k.i.DiagnosticsManager]:   LabelTokenStore v0.A.5
2016-12-18 23:00:16.954+0000 INFO  [o.n.k.i.DiagnosticsManager]:   PropertyStore v0.A.5
2016-12-18 23:00:16.954+0000 INFO  [o.n.k.i.DiagnosticsManager]:   PropertyIndexStore v0.A.5
2016-12-18 23:00:16.954+0000 INFO  [o.n.k.i.DiagnosticsManager]:   StringPropertyStore v0.A.5
2016-12-18 23:00:16.954+0000 INFO  [o.n.k.i.DiagnosticsManager]:   ArrayPropertyStore v0.A.5
2016-12-18 23:00:16.954+0000 INFO  [o.n.k.i.DiagnosticsManager]:   RelationshipGroupStore v0.A.5
2016-12-18 23:00:16.954+0000 INFO  [o.n.k.i.DiagnosticsManager]: --- STARTED diagnostics for NEO_STORE_VERSIONS END ---
2016-12-18 23:00:16.954+0000 INFO  [o.n.k.i.DiagnosticsManager]: --- STARTED diagnostics for NEO_STORE_ID_USAGE START ---
2016-12-18 23:00:16.954+0000 INFO  [o.n.k.i.DiagnosticsManager]: Id usage:
2016-12-18 23:00:16.954+0000 INFO  [o.n.k.i.DiagnosticsManager]: Id usage:
2016-12-18 23:00:16.955+0000 INFO  [o.n.k.i.DiagnosticsManager]:   SchemaStore: used=1 high=0
2016-12-18 23:00:16.955+0000 INFO  [o.n.k.i.DiagnosticsManager]:   NodeStore: used=0 high=-1
2016-12-18 23:00:16.955+0000 INFO  [o.n.k.i.DiagnosticsManager]:   RelationshipStore: used=0 high=-1
2016-12-18 23:00:16.955+0000 INFO  [o.n.k.i.DiagnosticsManager]:   RelationshipTypeStore: used=0 high=-1
2016-12-18 23:00:16.955+0000 INFO  [o.n.k.i.DiagnosticsManager]:   LabelTokenStore: used=0 high=-1
2016-12-18 23:00:16.955+0000 INFO  [o.n.k.i.DiagnosticsManager]:   PropertyStore: used=0 high=-1
2016-12-18 23:00:16.955+0000 INFO  [o.n.k.i.DiagnosticsManager]:   PropertyIndexStore: used=0 high=-1
2016-12-18 23:00:16.955+0000 INFO  [o.n.k.i.DiagnosticsManager]:   StringPropertyStore: used=1 high=0
2016-12-18 23:00:16.955+0000 INFO  [o.n.k.i.DiagnosticsManager]:   ArrayPropertyStore: used=1 high=0
2016-12-18 23:00:16.955+0000 INFO  [o.n.k.i.DiagnosticsManager]:   RelationshipGroupStore: used=1 high=0
2016-12-18 23:00:16.955+0000 INFO  [o.n.k.i.DiagnosticsManager]: --- STARTED diagnostics for NEO_STORE_ID_USAGE END ---
2016-12-18 23:00:16.955+0000 INFO  [o.n.k.i.DiagnosticsManager]: --- STARTED diagnostics for KernelDiagnostics:StoreFiles START ---
2016-12-18 23:00:16.956+0000 INFO  [o.n.k.i.DiagnosticsManager]: Disk space on partition (Total / Free / Free %): 993862483968 / 520886071296 / 52
Storage files: (filename : modification date - size)
2016-12-18 23:00:16.956+0000 INFO  [o.n.k.i.DiagnosticsManager]:   index:
2016-12-18 23:00:16.957+0000 INFO  [o.n.k.i.DiagnosticsManager]:   - Total: 2016-12-18T16:59:36-0600 - 0.00 B
2016-12-18 23:00:16.957+0000 INFO  [o.n.k.i.DiagnosticsManager]:   lock: 2016-12-18T16:59:36-0600 - 0.00 B
2016-12-18 23:00:16.957+0000 INFO  [o.n.k.i.DiagnosticsManager]:   messages.log: 2016-12-18T17:00:16-0600 - 76.53 kB
2016-12-18 23:00:16.957+0000 INFO  [o.n.k.i.DiagnosticsManager]:   neostore: 2016-12-18T16:59:36-0600 - 99.00 B
2016-12-18 23:00:16.957+0000 INFO  [o.n.k.i.DiagnosticsManager]:   neostore.counts.db.a: 2016-12-18T16:59:36-0600 - 114.00 B
2016-12-18 23:00:16.957+0000 INFO  [o.n.k.i.DiagnosticsManager]:   neostore.id: 2016-12-18T17:00:16-0600 - 9.00 B
2016-12-18 23:00:16.958+0000 INFO  [o.n.k.i.DiagnosticsManager]:   neostore.labeltokenstore.db: 2016-12-18T16:59:36-0600 - 0.00 B
2016-12-18 23:00:16.958+0000 INFO  [o.n.k.i.DiagnosticsManager]:   neostore.labeltokenstore.db.id: 2016-12-18T17:00:16-0600 - 9.00 B
2016-12-18 23:00:16.958+0000 INFO  [o.n.k.i.DiagnosticsManager]:   neostore.labeltokenstore.db.names: 2016-12-18T16:59:36-0600 - 38.00 B
2016-12-18 23:00:16.958+0000 INFO  [o.n.k.i.DiagnosticsManager]:   neostore.labeltokenstore.db.names.id: 2016-12-18T17:00:16-0600 - 9.00 B
2016-12-18 23:00:16.958+0000 INFO  [o.n.k.i.DiagnosticsManager]:   neostore.nodestore.db: 2016-12-18T16:59:36-0600 - 0.00 B
2016-12-18 23:00:16.958+0000 INFO  [o.n.k.i.DiagnosticsManager]:   neostore.nodestore.db.id: 2016-12-18T17:00:16-0600 - 9.00 B
2016-12-18 23:00:16.958+0000 INFO  [o.n.k.i.DiagnosticsManager]:   neostore.nodestore.db.labels: 2016-12-18T16:59:36-0600 - 68.00 B
2016-12-18 23:00:16.959+0000 INFO  [o.n.k.i.DiagnosticsManager]:   neostore.nodestore.db.labels.id: 2016-12-18T17:00:16-0600 - 9.00 B
2016-12-18 23:00:16.959+0000 INFO  [o.n.k.i.DiagnosticsManager]:   neostore.propertystore.db: 2016-12-18T16:59:36-0600 - 0.00 B
2016-12-18 23:00:16.959+0000 INFO  [o.n.k.i.DiagnosticsManager]:   neostore.propertystore.db.arrays: 2016-12-18T16:59:36-0600 - 128.00 B
2016-12-18 23:00:16.959+0000 INFO  [o.n.k.i.DiagnosticsManager]:   neostore.propertystore.db.arrays.id: 2016-12-18T17:00:16-0600 - 9.00 B
2016-12-18 23:00:16.959+0000 INFO  [o.n.k.i.DiagnosticsManager]:   neostore.propertystore.db.id: 2016-12-18T17:00:16-0600 - 9.00 B
2016-12-18 23:00:16.959+0000 INFO  [o.n.k.i.DiagnosticsManager]:   neostore.propertystore.db.index: 2016-12-18T16:59:36-0600 - 0.00 B
2016-12-18 23:00:16.959+0000 INFO  [o.n.k.i.DiagnosticsManager]:   neostore.propertystore.db.index.id: 2016-12-18T17:00:16-0600 - 9.00 B
2016-12-18 23:00:16.959+0000 INFO  [o.n.k.i.DiagnosticsManager]:   neostore.propertystore.db.index.keys: 2016-12-18T16:59:36-0600 - 38.00 B
2016-12-18 23:00:16.960+0000 INFO  [o.n.k.i.DiagnosticsManager]:   neostore.propertystore.db.index.keys.id: 2016-12-18T17:00:16-0600 - 9.00 B
2016-12-18 23:00:16.960+0000 INFO  [o.n.k.i.DiagnosticsManager]:   neostore.propertystore.db.strings: 2016-12-18T16:59:36-0600 - 128.00 B
2016-12-18 23:00:16.960+0000 INFO  [o.n.k.i.DiagnosticsManager]:   neostore.propertystore.db.strings.id: 2016-12-18T17:00:16-0600 - 9.00 B
2016-12-18 23:00:16.960+0000 INFO  [o.n.k.i.DiagnosticsManager]:   neostore.relationshipgroupstore.db: 2016-12-18T16:59:36-0600 - 25.00 B
2016-12-18 23:00:16.960+0000 INFO  [o.n.k.i.DiagnosticsManager]:   neostore.relationshipgroupstore.db.id: 2016-12-18T17:00:16-0600 - 9.00 B
2016-12-18 23:00:16.960+0000 INFO  [o.n.k.i.DiagnosticsManager]:   neostore.relationshipstore.db: 2016-12-18T16:59:36-0600 - 0.00 B
2016-12-18 23:00:16.960+0000 INFO  [o.n.k.i.DiagnosticsManager]:   neostore.relationshipstore.db.id: 2016-12-18T17:00:16-0600 - 9.00 B
2016-12-18 23:00:16.960+0000 INFO  [o.n.k.i.DiagnosticsManager]:   neostore.relationshiptypestore.db: 2016-12-18T16:59:36-0600 - 0.00 B
2016-12-18 23:00:16.960+0000 INFO  [o.n.k.i.DiagnosticsManager]:   neostore.relationshiptypestore.db.id: 2016-12-18T17:00:16-0600 - 9.00 B
2016-12-18 23:00:16.961+0000 INFO  [o.n.k.i.DiagnosticsManager]:   neostore.relationshiptypestore.db.names: 2016-12-18T16:59:36-0600 - 38.00 B
2016-12-18 23:00:16.961+0000 INFO  [o.n.k.i.DiagnosticsManager]:   neostore.relationshiptypestore.db.names.id: 2016-12-18T17:00:16-0600 - 9.00 B
2016-12-18 23:00:16.961+0000 INFO  [o.n.k.i.DiagnosticsManager]:   neostore.schemastore.db: 2016-12-18T16:59:36-0600 - 64.00 B
2016-12-18 23:00:16.961+0000 INFO  [o.n.k.i.DiagnosticsManager]:   neostore.schemastore.db.id: 2016-12-18T17:00:16-0600 - 9.00 B
2016-12-18 23:00:16.961+0000 INFO  [o.n.k.i.DiagnosticsManager]:   neostore.transaction.db.0: 2016-12-18T16:59:36-0600 - 16.00 B
2016-12-18 23:00:16.961+0000 INFO  [o.n.k.i.DiagnosticsManager]:   rrd: 2016-12-18T16:59:37-0600 - 1.93 MB
2016-12-18 23:00:16.961+0000 INFO  [o.n.k.i.DiagnosticsManager]:   schema:
2016-12-18 23:00:16.961+0000 INFO  [o.n.k.i.DiagnosticsManager]:     label:
2016-12-18 23:00:16.961+0000 INFO  [o.n.k.i.DiagnosticsManager]:       lucene:
2016-12-18 23:00:16.962+0000 INFO  [o.n.k.i.DiagnosticsManager]:         write.lock: 2016-12-18T17:00:16-0600 - 0.00 B
2016-12-18 23:00:16.962+0000 INFO  [o.n.k.i.DiagnosticsManager]:       - Total: 2016-12-18T17:00:16-0600 - 0.00 B
2016-12-18 23:00:16.962+0000 INFO  [o.n.k.i.DiagnosticsManager]:     - Total: 2016-12-18T17:00:16-0600 - 0.00 B
2016-12-18 23:00:16.962+0000 INFO  [o.n.k.i.DiagnosticsManager]:   - Total: 2016-12-18T16:59:36-0600 - 0.00 B
2016-12-18 23:00:16.962+0000 INFO  [o.n.k.i.DiagnosticsManager]:   store_lock: 2016-12-18T16:59:36-0600 - 0.00 B
2016-12-18 23:00:16.962+0000 INFO  [o.n.k.i.DiagnosticsManager]: --- STARTED diagnostics for KernelDiagnostics:StoreFiles END ---
2016-12-18 23:00:16.986+0000 INFO  [o.n.k.EmbeddedGraphDatabase]: Database is now ready
2016-12-18 23:00:16.986+0000 INFO  [o.n.s.d.LifecycleManagingDatabase]: Successfully started database
2016-12-18 23:00:16.987+0000 INFO  [o.n.k.i.DiagnosticsManager]: --- SERVER STARTED START ---
2016-12-18 23:00:17.043+0000 INFO  [o.n.s.CommunityNeoServer]: Starting HTTP on port :7474 with 8 threads available
2016-12-18 23:00:17.177+0000 INFO  [o.n.s.CommunityNeoServer]: Enabling HTTPS on port :7473
2016-12-18 23:00:17.297+0000 INFO  [o.n.s.w.Jetty9WebServer]: Mounting static content at [/webadmin] from [webadmin-html]
2016-12-18 23:00:17.328+0000 INFO  [o.n.s.w.Jetty9WebServer]: Mounting static content at [/browser] from [browser]
2016-12-18 23:00:17.994+0000 INFO  [o.n.s.CommunityNeoServer]: Server started on: http://localhost:7474/
2016-12-18 23:00:17.995+0000 INFO  [o.n.s.CommunityNeoServer]: Remote interface ready and available at [http://localhost:7474/]
2016-12-18 23:00:17.995+0000 INFO  [o.n.k.i.DiagnosticsManager]: --- SERVER STARTED END ---
